{"C:\\Users\\aaron\\Solentine\\server-solentine\\app.js": {"path":"C:\\Users\\aaron\\Solentine\\server-solentine\\app.js","statementMap":{"0":{"start":{"line":1,"column":0},"end":{"line":1,"column":26}},"1":{"start":{"line":2,"column":16},"end":{"line":2,"column":34}},"2":{"start":{"line":3,"column":12},"end":{"line":3,"column":21}},"3":{"start":{"line":7,"column":0},"end":{"line":7,"column":15}},"4":{"start":{"line":9,"column":0},"end":{"line":9,"column":24}},"5":{"start":{"line":11,"column":0},"end":{"line":11,"column":24}},"6":{"start":{"line":12,"column":0},"end":{"line":12,"column":32}},"7":{"start":{"line":14,"column":0},"end":{"line":14,"column":20}}},"fnMap":{},"branchMap":{},"s":{"0":0,"1":0,"2":0,"3":0,"4":0,"5":0,"6":0,"7":0},"f":{},"b":{}}
,"C:\\Users\\aaron\\Solentine\\server-solentine\\config\\index.js": {"path":"C:\\Users\\aaron\\Solentine\\server-solentine\\config\\index.js","statementMap":{"0":{"start":{"line":1,"column":16},"end":{"line":1,"column":34}},"1":{"start":{"line":2,"column":15},"end":{"line":2,"column":32}},"2":{"start":{"line":3,"column":21},"end":{"line":3,"column":45}},"3":{"start":{"line":4,"column":13},"end":{"line":4,"column":28}},"4":{"start":{"line":5,"column":15},"end":{"line":5,"column":32}},"5":{"start":{"line":6,"column":23},"end":{"line":6,"column":60}},"6":{"start":{"line":12,"column":21},"end":{"line":33,"column":1}},"7":{"start":{"line":13,"column":25},"end":{"line":17,"column":3}},"8":{"start":{"line":19,"column":2},"end":{"line":21,"column":3}},"9":{"start":{"line":20,"column":4},"end":{"line":20,"column":26}},"10":{"start":{"line":24,"column":21},"end":{"line":27,"column":34}},"11":{"start":{"line":26,"column":16},"end":{"line":26,"column":26}},"12":{"start":{"line":27,"column":19},"end":{"line":27,"column":33}},"13":{"start":{"line":30,"column":21},"end":{"line":30,"column":69}},"14":{"start":{"line":32,"column":2},"end":{"line":32,"column":20}},"15":{"start":{"line":35,"column":24},"end":{"line":35,"column":38}},"16":{"start":{"line":37,"column":0},"end":{"line":104,"column":1}},"17":{"start":{"line":39,"column":2},"end":{"line":39,"column":27}},"18":{"start":{"line":42,"column":2},"end":{"line":53,"column":5}},"19":{"start":{"line":58,"column":2},"end":{"line":80,"column":3}},"20":{"start":{"line":62,"column":8},"end":{"line":62,"column":49}},"21":{"start":{"line":62,"column":21},"end":{"line":62,"column":49}},"22":{"start":{"line":65,"column":8},"end":{"line":72,"column":9}},"23":{"start":{"line":66,"column":10},"end":{"line":66,"column":31}},"24":{"start":{"line":69,"column":10},"end":{"line":69,"column":67}},"25":{"start":{"line":70,"column":10},"end":{"line":70,"column":63}},"26":{"start":{"line":71,"column":10},"end":{"line":71,"column":53}},"27":{"start":{"line":83,"column":2},"end":{"line":85,"column":3}},"28":{"start":{"line":84,"column":4},"end":{"line":84,"column":67}},"29":{"start":{"line":88,"column":2},"end":{"line":88,"column":77}},"30":{"start":{"line":91,"column":2},"end":{"line":91,"column":42}},"31":{"start":{"line":92,"column":2},"end":{"line":92,"column":64}},"32":{"start":{"line":93,"column":2},"end":{"line":93,"column":25}},"33":{"start":{"line":97,"column":2},"end":{"line":103,"column":4}},"34":{"start":{"line":99,"column":4},"end":{"line":101,"column":5}},"35":{"start":{"line":100,"column":6},"end":{"line":100,"column":20}},"36":{"start":{"line":102,"column":4},"end":{"line":102,"column":31}}},"fnMap":{"0":{"name":"(anonymous_0)","decl":{"start":{"line":12,"column":21},"end":{"line":12,"column":22}},"loc":{"start":{"line":12,"column":27},"end":{"line":33,"column":1}},"line":12},"1":{"name":"(anonymous_1)","decl":{"start":{"line":26,"column":9},"end":{"line":26,"column":10}},"loc":{"start":{"line":26,"column":16},"end":{"line":26,"column":26}},"line":26},"2":{"name":"(anonymous_2)","decl":{"start":{"line":27,"column":12},"end":{"line":27,"column":13}},"loc":{"start":{"line":27,"column":19},"end":{"line":27,"column":33}},"line":27},"3":{"name":"(anonymous_3)","decl":{"start":{"line":37,"column":17},"end":{"line":37,"column":18}},"loc":{"start":{"line":37,"column":26},"end":{"line":104,"column":1}},"line":37},"4":{"name":"(anonymous_4)","decl":{"start":{"line":60,"column":14},"end":{"line":60,"column":15}},"loc":{"start":{"line":60,"column":42},"end":{"line":73,"column":7}},"line":60},"5":{"name":"(anonymous_5)","decl":{"start":{"line":97,"column":19},"end":{"line":97,"column":20}},"loc":{"start":{"line":97,"column":39},"end":{"line":103,"column":3}},"line":97}},"branchMap":{"0":{"loc":{"start":{"line":19,"column":2},"end":{"line":21,"column":3}},"type":"if","locations":[{"start":{"line":19,"column":2},"end":{"line":21,"column":3}},{"start":{},"end":{}}],"line":19},"1":{"loc":{"start":{"line":62,"column":8},"end":{"line":62,"column":49}},"type":"if","locations":[{"start":{"line":62,"column":8},"end":{"line":62,"column":49}},{"start":{},"end":{}}],"line":62},"2":{"loc":{"start":{"line":65,"column":8},"end":{"line":72,"column":9}},"type":"if","locations":[{"start":{"line":65,"column":8},"end":{"line":72,"column":9}},{"start":{"line":67,"column":15},"end":{"line":72,"column":9}}],"line":65},"3":{"loc":{"start":{"line":83,"column":2},"end":{"line":85,"column":3}},"type":"if","locations":[{"start":{"line":83,"column":2},"end":{"line":85,"column":3}},{"start":{},"end":{}}],"line":83},"4":{"loc":{"start":{"line":88,"column":17},"end":{"line":88,"column":75}},"type":"cond-expr","locations":[{"start":{"line":88,"column":57},"end":{"line":88,"column":67}},{"start":{"line":88,"column":70},"end":{"line":88,"column":75}}],"line":88},"5":{"loc":{"start":{"line":99,"column":4},"end":{"line":101,"column":5}},"type":"if","locations":[{"start":{"line":99,"column":4},"end":{"line":101,"column":5}},{"start":{},"end":{}}],"line":99}},"s":{"0":0,"1":0,"2":0,"3":0,"4":0,"5":0,"6":0,"7":0,"8":0,"9":0,"10":0,"11":0,"12":0,"13":0,"14":0,"15":0,"16":0,"17":0,"18":0,"19":0,"20":0,"21":0,"22":0,"23":0,"24":0,"25":0,"26":0,"27":0,"28":0,"29":0,"30":0,"31":0,"32":0,"33":0,"34":0,"35":0,"36":0},"f":{"0":0,"1":0,"2":0,"3":0,"4":0,"5":0},"b":{"0":[0,0],"1":[0,0],"2":[0,0],"3":[0,0],"4":[0,0],"5":[0,0]}}
,"C:\\Users\\aaron\\Solentine\\server-solentine\\config\\sentry.js": {"path":"C:\\Users\\aaron\\Solentine\\server-solentine\\config\\sentry.js","statementMap":{"0":{"start":{"line":7,"column":15},"end":{"line":7,"column":38}},"1":{"start":{"line":13,"column":16},"end":{"line":13,"column":38}},"2":{"start":{"line":15,"column":4},"end":{"line":18,"column":5}},"3":{"start":{"line":16,"column":8},"end":{"line":16,"column":85}},"4":{"start":{"line":17,"column":8},"end":{"line":17,"column":15}},"5":{"start":{"line":20,"column":4},"end":{"line":40,"column":7}},"6":{"start":{"line":26,"column":12},"end":{"line":37,"column":13}},"7":{"start":{"line":28,"column":16},"end":{"line":36,"column":17}},"8":{"start":{"line":29,"column":33},"end":{"line":29,"column":51}},"9":{"start":{"line":30,"column":20},"end":{"line":32,"column":21}},"10":{"start":{"line":31,"column":24},"end":{"line":31,"column":81}},"11":{"start":{"line":33,"column":20},"end":{"line":35,"column":21}},"12":{"start":{"line":34,"column":24},"end":{"line":34,"column":78}},"13":{"start":{"line":38,"column":12},"end":{"line":38,"column":25}},"14":{"start":{"line":42,"column":4},"end":{"line":42,"column":41}},"15":{"start":{"line":49,"column":4},"end":{"line":56,"column":5}},"16":{"start":{"line":50,"column":8},"end":{"line":55,"column":11}},"17":{"start":{"line":51,"column":12},"end":{"line":53,"column":15}},"18":{"start":{"line":52,"column":16},"end":{"line":52,"column":52}},"19":{"start":{"line":54,"column":12},"end":{"line":54,"column":43}},"20":{"start":{"line":63,"column":4},"end":{"line":70,"column":5}},"21":{"start":{"line":64,"column":8},"end":{"line":69,"column":11}},"22":{"start":{"line":65,"column":12},"end":{"line":67,"column":15}},"23":{"start":{"line":66,"column":16},"end":{"line":66,"column":52}},"24":{"start":{"line":68,"column":12},"end":{"line":68,"column":50}},"25":{"start":{"line":73,"column":0},"end":{"line":78,"column":2}}},"fnMap":{"0":{"name":"initSentry","decl":{"start":{"line":12,"column":9},"end":{"line":12,"column":19}},"loc":{"start":{"line":12,"column":22},"end":{"line":43,"column":1}},"line":12},"1":{"name":"(anonymous_1)","decl":{"start":{"line":24,"column":8},"end":{"line":24,"column":9}},"loc":{"start":{"line":24,"column":32},"end":{"line":39,"column":9}},"line":24},"2":{"name":"captureException","decl":{"start":{"line":48,"column":9},"end":{"line":48,"column":25}},"loc":{"start":{"line":48,"column":47},"end":{"line":57,"column":1}},"line":48},"3":{"name":"(anonymous_3)","decl":{"start":{"line":50,"column":25},"end":{"line":50,"column":26}},"loc":{"start":{"line":50,"column":36},"end":{"line":55,"column":9}},"line":50},"4":{"name":"(anonymous_4)","decl":{"start":{"line":51,"column":41},"end":{"line":51,"column":42}},"loc":{"start":{"line":51,"column":48},"end":{"line":53,"column":13}},"line":51},"5":{"name":"captureMessage","decl":{"start":{"line":62,"column":9},"end":{"line":62,"column":23}},"loc":{"start":{"line":62,"column":63},"end":{"line":71,"column":1}},"line":62},"6":{"name":"(anonymous_6)","decl":{"start":{"line":64,"column":25},"end":{"line":64,"column":26}},"loc":{"start":{"line":64,"column":36},"end":{"line":69,"column":9}},"line":64},"7":{"name":"(anonymous_7)","decl":{"start":{"line":65,"column":41},"end":{"line":65,"column":42}},"loc":{"start":{"line":65,"column":48},"end":{"line":67,"column":13}},"line":65}},"branchMap":{"0":{"loc":{"start":{"line":15,"column":4},"end":{"line":18,"column":5}},"type":"if","locations":[{"start":{"line":15,"column":4},"end":{"line":18,"column":5}},{"start":{},"end":{}}],"line":15},"1":{"loc":{"start":{"line":22,"column":21},"end":{"line":22,"column":58}},"type":"binary-expr","locations":[{"start":{"line":22,"column":21},"end":{"line":22,"column":41}},{"start":{"line":22,"column":45},"end":{"line":22,"column":58}}],"line":22},"2":{"loc":{"start":{"line":23,"column":26},"end":{"line":23,"column":75}},"type":"cond-expr","locations":[{"start":{"line":23,"column":66},"end":{"line":23,"column":69}},{"start":{"line":23,"column":72},"end":{"line":23,"column":75}}],"line":23},"3":{"loc":{"start":{"line":26,"column":12},"end":{"line":37,"column":13}},"type":"if","locations":[{"start":{"line":26,"column":12},"end":{"line":37,"column":13}},{"start":{},"end":{}}],"line":26},"4":{"loc":{"start":{"line":28,"column":16},"end":{"line":36,"column":17}},"type":"if","locations":[{"start":{"line":28,"column":16},"end":{"line":36,"column":17}},{"start":{},"end":{}}],"line":28},"5":{"loc":{"start":{"line":30,"column":20},"end":{"line":32,"column":21}},"type":"if","locations":[{"start":{"line":30,"column":20},"end":{"line":32,"column":21}},{"start":{},"end":{}}],"line":30},"6":{"loc":{"start":{"line":33,"column":20},"end":{"line":35,"column":21}},"type":"if","locations":[{"start":{"line":33,"column":20},"end":{"line":35,"column":21}},{"start":{},"end":{}}],"line":33},"7":{"loc":{"start":{"line":48,"column":33},"end":{"line":48,"column":45}},"type":"default-arg","locations":[{"start":{"line":48,"column":43},"end":{"line":48,"column":45}}],"line":48},"8":{"loc":{"start":{"line":49,"column":4},"end":{"line":56,"column":5}},"type":"if","locations":[{"start":{"line":49,"column":4},"end":{"line":56,"column":5}},{"start":{},"end":{}}],"line":49},"9":{"loc":{"start":{"line":62,"column":33},"end":{"line":62,"column":47}},"type":"default-arg","locations":[{"start":{"line":62,"column":41},"end":{"line":62,"column":47}}],"line":62},"10":{"loc":{"start":{"line":62,"column":49},"end":{"line":62,"column":61}},"type":"default-arg","locations":[{"start":{"line":62,"column":59},"end":{"line":62,"column":61}}],"line":62},"11":{"loc":{"start":{"line":63,"column":4},"end":{"line":70,"column":5}},"type":"if","locations":[{"start":{"line":63,"column":4},"end":{"line":70,"column":5}},{"start":{},"end":{}}],"line":63}},"s":{"0":0,"1":0,"2":0,"3":0,"4":0,"5":0,"6":0,"7":0,"8":0,"9":0,"10":0,"11":0,"12":0,"13":0,"14":0,"15":0,"16":0,"17":0,"18":0,"19":0,"20":0,"21":0,"22":0,"23":0,"24":0,"25":0},"f":{"0":0,"1":0,"2":0,"3":0,"4":0,"5":0,"6":0,"7":0},"b":{"0":[0,0],"1":[0,0],"2":[0,0],"3":[0,0],"4":[0,0],"5":[0,0],"6":[0,0],"7":[0],"8":[0,0],"9":[0],"10":[0],"11":[0,0]}}
,"C:\\Users\\aaron\\Solentine\\server-solentine\\controllers\\auth.controllers.js": {"path":"C:\\Users\\aaron\\Solentine\\server-solentine\\controllers\\auth.controllers.js","statementMap":{"0":{"start":{"line":1,"column":13},"end":{"line":1,"column":44}},"1":{"start":{"line":2,"column":15},"end":{"line":2,"column":34}},"2":{"start":{"line":3,"column":12},"end":{"line":3,"column":35}},"3":{"start":{"line":4,"column":74},"end":{"line":4,"column":100}},"4":{"start":{"line":5,"column":26},"end":{"line":5,"column":52}},"5":{"start":{"line":6,"column":19},"end":{"line":6,"column":21}},"6":{"start":{"line":8,"column":15},"end":{"line":8,"column":52}},"7":{"start":{"line":14,"column":19},"end":{"line":70,"column":1}},"8":{"start":{"line":15,"column":4},"end":{"line":69,"column":5}},"9":{"start":{"line":16,"column":83},"end":{"line":16,"column":91}},"10":{"start":{"line":19,"column":8},"end":{"line":25,"column":9}},"11":{"start":{"line":20,"column":12},"end":{"line":24,"column":37}},"12":{"start":{"line":24,"column":26},"end":{"line":24,"column":33}},"13":{"start":{"line":28,"column":29},"end":{"line":30,"column":10}},"14":{"start":{"line":32,"column":8},"end":{"line":39,"column":9}},"15":{"start":{"line":33,"column":12},"end":{"line":35,"column":13}},"16":{"start":{"line":34,"column":16},"end":{"line":34,"column":75}},"17":{"start":{"line":36,"column":12},"end":{"line":38,"column":13}},"18":{"start":{"line":37,"column":16},"end":{"line":37,"column":73}},"19":{"start":{"line":42,"column":21},"end":{"line":42,"column":51}},"20":{"start":{"line":43,"column":31},"end":{"line":43,"column":62}},"21":{"start":{"line":46,"column":25},"end":{"line":46,"column":90}},"22":{"start":{"line":48,"column":24},"end":{"line":56,"column":10}},"23":{"start":{"line":59,"column":29},"end":{"line":59,"column":99}},"24":{"start":{"line":60,"column":8},"end":{"line":60,"column":37}},"25":{"start":{"line":62,"column":8},"end":{"line":66,"column":11}},"26":{"start":{"line":68,"column":8},"end":{"line":68,"column":18}},"27":{"start":{"line":76,"column":18},"end":{"line":176,"column":1}},"28":{"start":{"line":77,"column":4},"end":{"line":175,"column":5}},"29":{"start":{"line":78,"column":36},"end":{"line":78,"column":44}},"30":{"start":{"line":81,"column":8},"end":{"line":81,"column":106}},"31":{"start":{"line":84,"column":8},"end":{"line":87,"column":9}},"32":{"start":{"line":85,"column":12},"end":{"line":85,"column":67}},"33":{"start":{"line":86,"column":12},"end":{"line":86,"column":84}},"34":{"start":{"line":91,"column":8},"end":{"line":96,"column":9}},"35":{"start":{"line":92,"column":12},"end":{"line":92,"column":49}},"36":{"start":{"line":94,"column":12},"end":{"line":94,"column":63}},"37":{"start":{"line":95,"column":12},"end":{"line":95,"column":74}},"38":{"start":{"line":98,"column":8},"end":{"line":101,"column":9}},"39":{"start":{"line":99,"column":12},"end":{"line":99,"column":67}},"40":{"start":{"line":100,"column":12},"end":{"line":100,"column":78}},"41":{"start":{"line":105,"column":8},"end":{"line":110,"column":9}},"42":{"start":{"line":106,"column":12},"end":{"line":106,"column":71}},"43":{"start":{"line":108,"column":12},"end":{"line":108,"column":63}},"44":{"start":{"line":109,"column":12},"end":{"line":109,"column":74}},"45":{"start":{"line":112,"column":8},"end":{"line":115,"column":9}},"46":{"start":{"line":113,"column":12},"end":{"line":113,"column":71}},"47":{"start":{"line":114,"column":12},"end":{"line":114,"column":78}},"48":{"start":{"line":117,"column":8},"end":{"line":117,"column":62}},"49":{"start":{"line":120,"column":8},"end":{"line":125,"column":9}},"50":{"start":{"line":121,"column":12},"end":{"line":121,"column":84}},"51":{"start":{"line":122,"column":32},"end":{"line":122,"column":104}},"52":{"start":{"line":123,"column":12},"end":{"line":123,"column":45}},"53":{"start":{"line":124,"column":12},"end":{"line":124,"column":37}},"54":{"start":{"line":128,"column":8},"end":{"line":131,"column":9}},"55":{"start":{"line":129,"column":12},"end":{"line":129,"column":73}},"56":{"start":{"line":130,"column":12},"end":{"line":130,"column":62}},"57":{"start":{"line":134,"column":24},"end":{"line":134,"column":82}},"58":{"start":{"line":137,"column":8},"end":{"line":145,"column":9}},"59":{"start":{"line":138,"column":12},"end":{"line":141,"column":15}},"60":{"start":{"line":143,"column":12},"end":{"line":143,"column":56}},"61":{"start":{"line":144,"column":12},"end":{"line":144,"column":86}},"62":{"start":{"line":149,"column":8},"end":{"line":164,"column":9}},"63":{"start":{"line":150,"column":12},"end":{"line":150,"column":88}},"64":{"start":{"line":151,"column":12},"end":{"line":151,"column":41}},"65":{"start":{"line":153,"column":12},"end":{"line":153,"column":70}},"66":{"start":{"line":155,"column":12},"end":{"line":163,"column":14}},"67":{"start":{"line":166,"column":8},"end":{"line":171,"column":11}},"68":{"start":{"line":173,"column":8},"end":{"line":173,"column":41}},"69":{"start":{"line":174,"column":8},"end":{"line":174,"column":18}},"70":{"start":{"line":182,"column":19},"end":{"line":194,"column":1}},"71":{"start":{"line":183,"column":4},"end":{"line":193,"column":5}},"72":{"start":{"line":184,"column":29},"end":{"line":184,"column":48}},"73":{"start":{"line":185,"column":8},"end":{"line":185,"column":37}},"74":{"start":{"line":187,"column":8},"end":{"line":190,"column":11}},"75":{"start":{"line":192,"column":8},"end":{"line":192,"column":18}},"76":{"start":{"line":196,"column":0},"end":{"line":200,"column":2}}},"fnMap":{"0":{"name":"(anonymous_0)","decl":{"start":{"line":14,"column":19},"end":{"line":14,"column":20}},"loc":{"start":{"line":14,"column":45},"end":{"line":70,"column":1}},"line":14},"1":{"name":"(anonymous_1)","decl":{"start":{"line":24,"column":21},"end":{"line":24,"column":22}},"loc":{"start":{"line":24,"column":26},"end":{"line":24,"column":33}},"line":24},"2":{"name":"(anonymous_2)","decl":{"start":{"line":76,"column":18},"end":{"line":76,"column":19}},"loc":{"start":{"line":76,"column":44},"end":{"line":176,"column":1}},"line":76},"3":{"name":"(anonymous_3)","decl":{"start":{"line":182,"column":19},"end":{"line":182,"column":20}},"loc":{"start":{"line":182,"column":39},"end":{"line":194,"column":1}},"line":182}},"branchMap":{"0":{"loc":{"start":{"line":19,"column":8},"end":{"line":25,"column":9}},"type":"if","locations":[{"start":{"line":19,"column":8},"end":{"line":25,"column":9}},{"start":{},"end":{}}],"line":19},"1":{"loc":{"start":{"line":19,"column":12},"end":{"line":19,"column":44}},"type":"binary-expr","locations":[{"start":{"line":19,"column":12},"end":{"line":19,"column":21}},{"start":{"line":19,"column":25},"end":{"line":19,"column":31}},{"start":{"line":19,"column":35},"end":{"line":19,"column":44}}],"line":19},"2":{"loc":{"start":{"line":21,"column":25},"end":{"line":21,"column":54}},"type":"cond-expr","locations":[{"start":{"line":21,"column":37},"end":{"line":21,"column":47}},{"start":{"line":21,"column":50},"end":{"line":21,"column":54}}],"line":21},"3":{"loc":{"start":{"line":22,"column":25},"end":{"line":22,"column":48}},"type":"cond-expr","locations":[{"start":{"line":22,"column":34},"end":{"line":22,"column":41}},{"start":{"line":22,"column":44},"end":{"line":22,"column":48}}],"line":22},"4":{"loc":{"start":{"line":23,"column":25},"end":{"line":23,"column":54}},"type":"cond-expr","locations":[{"start":{"line":23,"column":37},"end":{"line":23,"column":47}},{"start":{"line":23,"column":50},"end":{"line":23,"column":54}}],"line":23},"5":{"loc":{"start":{"line":32,"column":8},"end":{"line":39,"column":9}},"type":"if","locations":[{"start":{"line":32,"column":8},"end":{"line":39,"column":9}},{"start":{},"end":{}}],"line":32},"6":{"loc":{"start":{"line":33,"column":12},"end":{"line":35,"column":13}},"type":"if","locations":[{"start":{"line":33,"column":12},"end":{"line":35,"column":13}},{"start":{},"end":{}}],"line":33},"7":{"loc":{"start":{"line":36,"column":12},"end":{"line":38,"column":13}},"type":"if","locations":[{"start":{"line":36,"column":12},"end":{"line":38,"column":13}},{"start":{},"end":{}}],"line":36},"8":{"loc":{"start":{"line":46,"column":25},"end":{"line":46,"column":90}},"type":"cond-expr","locations":[{"start":{"line":46,"column":74},"end":{"line":46,"column":81}},{"start":{"line":46,"column":84},"end":{"line":46,"column":90}}],"line":46},"9":{"loc":{"start":{"line":46,"column":25},"end":{"line":46,"column":71}},"type":"binary-expr","locations":[{"start":{"line":46,"column":25},"end":{"line":46,"column":41}},{"start":{"line":46,"column":45},"end":{"line":46,"column":71}}],"line":46},"10":{"loc":{"start":{"line":59,"column":29},"end":{"line":59,"column":99}},"type":"cond-expr","locations":[{"start":{"line":59,"column":48},"end":{"line":59,"column":66}},{"start":{"line":59,"column":69},"end":{"line":59,"column":99}}],"line":59},"11":{"loc":{"start":{"line":59,"column":74},"end":{"line":59,"column":97}},"type":"binary-expr","locations":[{"start":{"line":59,"column":74},"end":{"line":59,"column":86}},{"start":{"line":59,"column":90},"end":{"line":59,"column":97}}],"line":59},"12":{"loc":{"start":{"line":81,"column":47},"end":{"line":81,"column":77}},"type":"cond-expr","locations":[{"start":{"line":81,"column":55},"end":{"line":81,"column":65}},{"start":{"line":81,"column":68},"end":{"line":81,"column":77}}],"line":81},"13":{"loc":{"start":{"line":84,"column":8},"end":{"line":87,"column":9}},"type":"if","locations":[{"start":{"line":84,"column":8},"end":{"line":87,"column":9}},{"start":{},"end":{}}],"line":84},"14":{"loc":{"start":{"line":84,"column":12},"end":{"line":84,"column":31}},"type":"binary-expr","locations":[{"start":{"line":84,"column":12},"end":{"line":84,"column":18}},{"start":{"line":84,"column":22},"end":{"line":84,"column":31}}],"line":84},"15":{"loc":{"start":{"line":98,"column":8},"end":{"line":101,"column":9}},"type":"if","locations":[{"start":{"line":98,"column":8},"end":{"line":101,"column":9}},{"start":{},"end":{}}],"line":98},"16":{"loc":{"start":{"line":112,"column":8},"end":{"line":115,"column":9}},"type":"if","locations":[{"start":{"line":112,"column":8},"end":{"line":115,"column":9}},{"start":{},"end":{}}],"line":112},"17":{"loc":{"start":{"line":120,"column":8},"end":{"line":125,"column":9}},"type":"if","locations":[{"start":{"line":120,"column":8},"end":{"line":125,"column":9}},{"start":{},"end":{}}],"line":120},"18":{"loc":{"start":{"line":128,"column":8},"end":{"line":131,"column":9}},"type":"if","locations":[{"start":{"line":128,"column":8},"end":{"line":131,"column":9}},{"start":{},"end":{}}],"line":128},"19":{"loc":{"start":{"line":134,"column":61},"end":{"line":134,"column":80}},"type":"binary-expr","locations":[{"start":{"line":134,"column":61},"end":{"line":134,"column":70}},{"start":{"line":134,"column":74},"end":{"line":134,"column":80}}],"line":134},"20":{"loc":{"start":{"line":140,"column":27},"end":{"line":140,"column":61}},"type":"binary-expr","locations":[{"start":{"line":140,"column":27},"end":{"line":140,"column":53}},{"start":{"line":140,"column":57},"end":{"line":140,"column":61}}],"line":140},"21":{"loc":{"start":{"line":150,"column":27},"end":{"line":150,"column":87}},"type":"cond-expr","locations":[{"start":{"line":150,"column":43},"end":{"line":150,"column":58}},{"start":{"line":150,"column":61},"end":{"line":150,"column":87}}],"line":150},"22":{"loc":{"start":{"line":150,"column":67},"end":{"line":150,"column":84}},"type":"binary-expr","locations":[{"start":{"line":150,"column":67},"end":{"line":150,"column":76}},{"start":{"line":150,"column":80},"end":{"line":150,"column":84}}],"line":150}},"s":{"0":1,"1":1,"2":1,"3":1,"4":1,"5":1,"6":1,"7":1,"8":4,"9":4,"10":4,"11":1,"12":3,"13":3,"14":3,"15":2,"16":1,"17":1,"18":1,"19":1,"20":1,"21":1,"22":1,"23":1,"24":1,"25":1,"26":0,"27":1,"28":4,"29":4,"30":4,"31":4,"32":1,"33":1,"34":3,"35":3,"36":0,"37":0,"38":3,"39":1,"40":1,"41":2,"42":2,"43":0,"44":0,"45":2,"46":1,"47":1,"48":1,"49":1,"50":0,"51":0,"52":0,"53":0,"54":1,"55":0,"56":0,"57":1,"58":1,"59":1,"60":0,"61":0,"62":1,"63":1,"64":1,"65":0,"66":0,"67":1,"68":0,"69":0,"70":1,"71":0,"72":0,"73":0,"74":0,"75":0,"76":1},"f":{"0":4,"1":3,"2":4,"3":0},"b":{"0":[1,3],"1":[4,4,3],"2":[0,1],"3":[1,0],"4":[1,0],"5":[2,1],"6":[1,1],"7":[1,0],"8":[0,1],"9":[1,0],"10":[1,0],"11":[0,0],"12":[4,0],"13":[1,3],"14":[4,4],"15":[1,2],"16":[1,1],"17":[0,1],"18":[0,1],"19":[1,0],"20":[1,0],"21":[1,0],"22":[0,0]},"_coverageSchema":"1a1c01bbd47fc00a2c39e90264f33305004495a9","hash":"efd83b1d11d88329a036c837d6aac3bc15012e80"}
,"C:\\Users\\aaron\\Solentine\\server-solentine\\controllers\\brand.controllers.js": {"path":"C:\\Users\\aaron\\Solentine\\server-solentine\\controllers\\brand.controllers.js","statementMap":{"0":{"start":{"line":1,"column":14},"end":{"line":1,"column":46}},"1":{"start":{"line":3,"column":21},"end":{"line":10,"column":1}},"2":{"start":{"line":4,"column":4},"end":{"line":9,"column":5}},"3":{"start":{"line":5,"column":23},"end":{"line":5,"column":41}},"4":{"start":{"line":6,"column":8},"end":{"line":6,"column":25}},"5":{"start":{"line":8,"column":8},"end":{"line":8,"column":18}},"6":{"start":{"line":12,"column":20},"end":{"line":20,"column":1}},"7":{"start":{"line":13,"column":4},"end":{"line":19,"column":5}},"8":{"start":{"line":14,"column":25},"end":{"line":14,"column":44}},"9":{"start":{"line":15,"column":27},"end":{"line":15,"column":48}},"10":{"start":{"line":16,"column":8},"end":{"line":16,"column":29}},"11":{"start":{"line":18,"column":8},"end":{"line":18,"column":18}},"12":{"start":{"line":22,"column":20},"end":{"line":29,"column":1}},"13":{"start":{"line":23,"column":4},"end":{"line":28,"column":5}},"14":{"start":{"line":24,"column":29},"end":{"line":24,"column":98}},"15":{"start":{"line":25,"column":8},"end":{"line":25,"column":31}},"16":{"start":{"line":27,"column":8},"end":{"line":27,"column":18}},"17":{"start":{"line":31,"column":20},"end":{"line":38,"column":1}},"18":{"start":{"line":32,"column":4},"end":{"line":37,"column":5}},"19":{"start":{"line":33,"column":8},"end":{"line":33,"column":53}},"20":{"start":{"line":34,"column":8},"end":{"line":34,"column":47}},"21":{"start":{"line":36,"column":8},"end":{"line":36,"column":18}},"22":{"start":{"line":40,"column":0},"end":{"line":45,"column":2}}},"fnMap":{"0":{"name":"(anonymous_0)","decl":{"start":{"line":3,"column":21},"end":{"line":3,"column":22}},"loc":{"start":{"line":3,"column":47},"end":{"line":10,"column":1}},"line":3},"1":{"name":"(anonymous_1)","decl":{"start":{"line":12,"column":20},"end":{"line":12,"column":21}},"loc":{"start":{"line":12,"column":46},"end":{"line":20,"column":1}},"line":12},"2":{"name":"(anonymous_2)","decl":{"start":{"line":22,"column":20},"end":{"line":22,"column":21}},"loc":{"start":{"line":22,"column":46},"end":{"line":29,"column":1}},"line":22},"3":{"name":"(anonymous_3)","decl":{"start":{"line":31,"column":20},"end":{"line":31,"column":21}},"loc":{"start":{"line":31,"column":46},"end":{"line":38,"column":1}},"line":31}},"branchMap":{},"s":{"0":0,"1":0,"2":0,"3":0,"4":0,"5":0,"6":0,"7":0,"8":0,"9":0,"10":0,"11":0,"12":0,"13":0,"14":0,"15":0,"16":0,"17":0,"18":0,"19":0,"20":0,"21":0,"22":0},"f":{"0":0,"1":0,"2":0,"3":0},"b":{}}
,"C:\\Users\\aaron\\Solentine\\server-solentine\\controllers\\client.controllers.js": {"path":"C:\\Users\\aaron\\Solentine\\server-solentine\\controllers\\client.controllers.js","statementMap":{"0":{"start":{"line":1,"column":15},"end":{"line":1,"column":48}},"1":{"start":{"line":2,"column":26},"end":{"line":2,"column":52}},"2":{"start":{"line":3,"column":37},"end":{"line":3,"column":83}},"3":{"start":{"line":5,"column":25},"end":{"line":5,"column":49}},"4":{"start":{"line":7,"column":22},"end":{"line":14,"column":1}},"5":{"start":{"line":8,"column":4},"end":{"line":13,"column":5}},"6":{"start":{"line":9,"column":24},"end":{"line":9,"column":43}},"7":{"start":{"line":10,"column":8},"end":{"line":10,"column":26}},"8":{"start":{"line":12,"column":8},"end":{"line":12,"column":18}},"9":{"start":{"line":16,"column":24},"end":{"line":23,"column":1}},"10":{"start":{"line":17,"column":4},"end":{"line":22,"column":5}},"11":{"start":{"line":18,"column":23},"end":{"line":18,"column":70}},"12":{"start":{"line":19,"column":8},"end":{"line":19,"column":25}},"13":{"start":{"line":21,"column":8},"end":{"line":21,"column":18}},"14":{"start":{"line":25,"column":21},"end":{"line":98,"column":1}},"15":{"start":{"line":26,"column":4},"end":{"line":97,"column":5}},"16":{"start":{"line":27,"column":43},"end":{"line":27,"column":51}},"17":{"start":{"line":31,"column":23},"end":{"line":31,"column":27}},"18":{"start":{"line":33,"column":8},"end":{"line":85,"column":9}},"19":{"start":{"line":34,"column":12},"end":{"line":84,"column":13}},"20":{"start":{"line":35,"column":33},"end":{"line":40,"column":18}},"21":{"start":{"line":43,"column":16},"end":{"line":58,"column":17}},"22":{"start":{"line":45,"column":20},"end":{"line":51,"column":21}},"23":{"start":{"line":46,"column":24},"end":{"line":50,"column":27}},"24":{"start":{"line":53,"column":20},"end":{"line":57,"column":23}},"25":{"start":{"line":60,"column":16},"end":{"line":65,"column":17}},"26":{"start":{"line":61,"column":20},"end":{"line":64,"column":23}},"27":{"start":{"line":67,"column":37},"end":{"line":67,"column":79}},"28":{"start":{"line":68,"column":16},"end":{"line":68,"column":40}},"29":{"start":{"line":71,"column":16},"end":{"line":71,"column":72}},"30":{"start":{"line":74,"column":16},"end":{"line":80,"column":17}},"31":{"start":{"line":75,"column":20},"end":{"line":79,"column":23}},"32":{"start":{"line":83,"column":16},"end":{"line":83,"column":101}},"33":{"start":{"line":87,"column":26},"end":{"line":91,"column":10}},"34":{"start":{"line":93,"column":28},"end":{"line":93,"column":50}},"35":{"start":{"line":94,"column":8},"end":{"line":94,"column":30}},"36":{"start":{"line":96,"column":8},"end":{"line":96,"column":18}},"37":{"start":{"line":100,"column":21},"end":{"line":113,"column":1}},"38":{"start":{"line":101,"column":4},"end":{"line":112,"column":5}},"39":{"start":{"line":102,"column":23},"end":{"line":102,"column":59}},"40":{"start":{"line":104,"column":8},"end":{"line":106,"column":9}},"41":{"start":{"line":105,"column":12},"end":{"line":105,"column":53}},"42":{"start":{"line":108,"column":30},"end":{"line":108,"column":121}},"43":{"start":{"line":109,"column":8},"end":{"line":109,"column":32}},"44":{"start":{"line":111,"column":8},"end":{"line":111,"column":18}},"45":{"start":{"line":115,"column":21},"end":{"line":127,"column":1}},"46":{"start":{"line":116,"column":4},"end":{"line":126,"column":5}},"47":{"start":{"line":117,"column":23},"end":{"line":117,"column":68}},"48":{"start":{"line":119,"column":8},"end":{"line":121,"column":9}},"49":{"start":{"line":120,"column":12},"end":{"line":120,"column":53}},"50":{"start":{"line":123,"column":8},"end":{"line":123,"column":48}},"51":{"start":{"line":125,"column":8},"end":{"line":125,"column":18}},"52":{"start":{"line":129,"column":0},"end":{"line":135,"column":2}}},"fnMap":{"0":{"name":"(anonymous_0)","decl":{"start":{"line":7,"column":22},"end":{"line":7,"column":23}},"loc":{"start":{"line":7,"column":48},"end":{"line":14,"column":1}},"line":7},"1":{"name":"(anonymous_1)","decl":{"start":{"line":16,"column":24},"end":{"line":16,"column":25}},"loc":{"start":{"line":16,"column":50},"end":{"line":23,"column":1}},"line":16},"2":{"name":"(anonymous_2)","decl":{"start":{"line":25,"column":21},"end":{"line":25,"column":22}},"loc":{"start":{"line":25,"column":47},"end":{"line":98,"column":1}},"line":25},"3":{"name":"(anonymous_3)","decl":{"start":{"line":100,"column":21},"end":{"line":100,"column":22}},"loc":{"start":{"line":100,"column":47},"end":{"line":113,"column":1}},"line":100},"4":{"name":"(anonymous_4)","decl":{"start":{"line":115,"column":21},"end":{"line":115,"column":22}},"loc":{"start":{"line":115,"column":47},"end":{"line":127,"column":1}},"line":115}},"branchMap":{"0":{"loc":{"start":{"line":33,"column":8},"end":{"line":85,"column":9}},"type":"if","locations":[{"start":{"line":33,"column":8},"end":{"line":85,"column":9}},{"start":{},"end":{}}],"line":33},"1":{"loc":{"start":{"line":43,"column":16},"end":{"line":58,"column":17}},"type":"if","locations":[{"start":{"line":43,"column":16},"end":{"line":58,"column":17}},{"start":{},"end":{}}],"line":43},"2":{"loc":{"start":{"line":43,"column":20},"end":{"line":43,"column":73}},"type":"binary-expr","locations":[{"start":{"line":43,"column":20},"end":{"line":43,"column":40}},{"start":{"line":43,"column":44},"end":{"line":43,"column":73}}],"line":43},"3":{"loc":{"start":{"line":45,"column":20},"end":{"line":51,"column":21}},"type":"if","locations":[{"start":{"line":45,"column":20},"end":{"line":51,"column":21}},{"start":{},"end":{}}],"line":45},"4":{"loc":{"start":{"line":45,"column":24},"end":{"line":45,"column":117}},"type":"binary-expr","locations":[{"start":{"line":45,"column":24},"end":{"line":45,"column":65}},{"start":{"line":45,"column":69},"end":{"line":45,"column":117}}],"line":45},"5":{"loc":{"start":{"line":55,"column":33},"end":{"line":55,"column":115}},"type":"binary-expr","locations":[{"start":{"line":55,"column":33},"end":{"line":55,"column":60}},{"start":{"line":55,"column":64},"end":{"line":55,"column":115}}],"line":55},"6":{"loc":{"start":{"line":60,"column":16},"end":{"line":65,"column":17}},"type":"if","locations":[{"start":{"line":60,"column":16},"end":{"line":65,"column":17}},{"start":{},"end":{}}],"line":60},"7":{"loc":{"start":{"line":74,"column":16},"end":{"line":80,"column":17}},"type":"if","locations":[{"start":{"line":74,"column":16},"end":{"line":80,"column":17}},{"start":{},"end":{}}],"line":74},"8":{"loc":{"start":{"line":74,"column":20},"end":{"line":74,"column":90}},"type":"binary-expr","locations":[{"start":{"line":74,"column":20},"end":{"line":74,"column":52}},{"start":{"line":74,"column":56},"end":{"line":74,"column":90}}],"line":74},"9":{"loc":{"start":{"line":90,"column":16},"end":{"line":90,"column":40}},"type":"binary-expr","locations":[{"start":{"line":90,"column":16},"end":{"line":90,"column":24}},{"start":{"line":90,"column":28},"end":{"line":90,"column":40}}],"line":90},"10":{"loc":{"start":{"line":104,"column":8},"end":{"line":106,"column":9}},"type":"if","locations":[{"start":{"line":104,"column":8},"end":{"line":106,"column":9}},{"start":{},"end":{}}],"line":104},"11":{"loc":{"start":{"line":119,"column":8},"end":{"line":121,"column":9}},"type":"if","locations":[{"start":{"line":119,"column":8},"end":{"line":121,"column":9}},{"start":{},"end":{}}],"line":119}},"s":{"0":1,"1":1,"2":1,"3":1,"4":1,"5":2,"6":2,"7":1,"8":1,"9":1,"10":0,"11":0,"12":0,"13":0,"14":1,"15":1,"16":1,"17":1,"18":1,"19":1,"20":1,"21":0,"22":0,"23":0,"24":0,"25":0,"26":0,"27":0,"28":0,"29":1,"30":1,"31":0,"32":1,"33":1,"34":1,"35":1,"36":0,"37":1,"38":2,"39":2,"40":2,"41":1,"42":1,"43":1,"44":0,"45":1,"46":2,"47":2,"48":2,"49":1,"50":1,"51":0,"52":1},"f":{"0":2,"1":0,"2":1,"3":2,"4":2},"b":{"0":[1,0],"1":[0,0],"2":[0,0],"3":[0,0],"4":[0,0],"5":[0,0],"6":[0,0],"7":[0,1],"8":[1,1],"9":[1,0],"10":[1,1],"11":[1,1]},"_coverageSchema":"1a1c01bbd47fc00a2c39e90264f33305004495a9","hash":"d7eb5fb11901a8afca5e69aa4d012849d7e5a692"}
,"C:\\Users\\aaron\\Solentine\\server-solentine\\controllers\\comercial.controllers.js": {"path":"C:\\Users\\aaron\\Solentine\\server-solentine\\controllers\\comercial.controllers.js","statementMap":{"0":{"start":{"line":1,"column":18},"end":{"line":1,"column":54}},"1":{"start":{"line":3,"column":25},"end":{"line":10,"column":1}},"2":{"start":{"line":4,"column":4},"end":{"line":9,"column":5}},"3":{"start":{"line":5,"column":27},"end":{"line":5,"column":49}},"4":{"start":{"line":6,"column":8},"end":{"line":6,"column":29}},"5":{"start":{"line":8,"column":8},"end":{"line":8,"column":18}},"6":{"start":{"line":12,"column":24},"end":{"line":20,"column":1}},"7":{"start":{"line":13,"column":4},"end":{"line":19,"column":5}},"8":{"start":{"line":14,"column":29},"end":{"line":14,"column":52}},"9":{"start":{"line":15,"column":31},"end":{"line":15,"column":56}},"10":{"start":{"line":16,"column":8},"end":{"line":16,"column":33}},"11":{"start":{"line":18,"column":8},"end":{"line":18,"column":18}},"12":{"start":{"line":22,"column":24},"end":{"line":29,"column":1}},"13":{"start":{"line":23,"column":4},"end":{"line":28,"column":5}},"14":{"start":{"line":24,"column":33},"end":{"line":24,"column":106}},"15":{"start":{"line":25,"column":8},"end":{"line":25,"column":35}},"16":{"start":{"line":27,"column":8},"end":{"line":27,"column":18}},"17":{"start":{"line":31,"column":24},"end":{"line":38,"column":1}},"18":{"start":{"line":32,"column":4},"end":{"line":37,"column":5}},"19":{"start":{"line":33,"column":8},"end":{"line":33,"column":57}},"20":{"start":{"line":34,"column":8},"end":{"line":34,"column":51}},"21":{"start":{"line":36,"column":8},"end":{"line":36,"column":18}},"22":{"start":{"line":40,"column":0},"end":{"line":45,"column":2}}},"fnMap":{"0":{"name":"(anonymous_0)","decl":{"start":{"line":3,"column":25},"end":{"line":3,"column":26}},"loc":{"start":{"line":3,"column":51},"end":{"line":10,"column":1}},"line":3},"1":{"name":"(anonymous_1)","decl":{"start":{"line":12,"column":24},"end":{"line":12,"column":25}},"loc":{"start":{"line":12,"column":50},"end":{"line":20,"column":1}},"line":12},"2":{"name":"(anonymous_2)","decl":{"start":{"line":22,"column":24},"end":{"line":22,"column":25}},"loc":{"start":{"line":22,"column":50},"end":{"line":29,"column":1}},"line":22},"3":{"name":"(anonymous_3)","decl":{"start":{"line":31,"column":24},"end":{"line":31,"column":25}},"loc":{"start":{"line":31,"column":50},"end":{"line":38,"column":1}},"line":31}},"branchMap":{},"s":{"0":0,"1":0,"2":0,"3":0,"4":0,"5":0,"6":0,"7":0,"8":0,"9":0,"10":0,"11":0,"12":0,"13":0,"14":0,"15":0,"16":0,"17":0,"18":0,"19":0,"20":0,"21":0,"22":0},"f":{"0":0,"1":0,"2":0,"3":0},"b":{}}
,"C:\\Users\\aaron\\Solentine\\server-solentine\\controllers\\roles.controllers.js": {"path":"C:\\Users\\aaron\\Solentine\\server-solentine\\controllers\\roles.controllers.js","statementMap":{"0":{"start":{"line":1,"column":17},"end":{"line":4,"column":1}},"1":{"start":{"line":2,"column":18},"end":{"line":2,"column":49}},"2":{"start":{"line":3,"column":4},"end":{"line":3,"column":19}},"3":{"start":{"line":6,"column":0},"end":{"line":8,"column":1}}},"fnMap":{"0":{"name":"(anonymous_0)","decl":{"start":{"line":1,"column":17},"end":{"line":1,"column":18}},"loc":{"start":{"line":1,"column":37},"end":{"line":4,"column":1}},"line":1}},"branchMap":{},"s":{"0":0,"1":0,"2":0,"3":0},"f":{"0":0},"b":{}}
,"C:\\Users\\aaron\\Solentine\\server-solentine\\controllers\\sale.controllers.js": {"path":"C:\\Users\\aaron\\Solentine\\server-solentine\\controllers\\sale.controllers.js","statementMap":{"0":{"start":{"line":1,"column":14},"end":{"line":1,"column":30}},"1":{"start":{"line":2,"column":17},"end":{"line":2,"column":36}},"2":{"start":{"line":3,"column":13},"end":{"line":3,"column":44}},"3":{"start":{"line":4,"column":13},"end":{"line":4,"column":44}},"4":{"start":{"line":5,"column":26},"end":{"line":5,"column":52}},"5":{"start":{"line":8,"column":20},"end":{"line":43,"column":1}},"6":{"start":{"line":9,"column":92},"end":{"line":9,"column":101}},"7":{"start":{"line":11,"column":17},"end":{"line":11,"column":35}},"8":{"start":{"line":12,"column":4},"end":{"line":12,"column":67}},"9":{"start":{"line":14,"column":4},"end":{"line":42,"column":5}},"10":{"start":{"line":15,"column":32},"end":{"line":15,"column":75}},"11":{"start":{"line":17,"column":8},"end":{"line":17,"column":41}},"12":{"start":{"line":18,"column":8},"end":{"line":18,"column":49}},"13":{"start":{"line":20,"column":27},"end":{"line":20,"column":59}},"14":{"start":{"line":22,"column":8},"end":{"line":24,"column":9}},"15":{"start":{"line":23,"column":12},"end":{"line":23,"column":98}},"16":{"start":{"line":26,"column":22},"end":{"line":33,"column":33}},"17":{"start":{"line":35,"column":8},"end":{"line":35,"column":59}},"18":{"start":{"line":37,"column":27},"end":{"line":37,"column":56}},"19":{"start":{"line":39,"column":8},"end":{"line":39,"column":52}},"20":{"start":{"line":41,"column":8},"end":{"line":41,"column":18}},"21":{"start":{"line":46,"column":31},"end":{"line":57,"column":1}},"22":{"start":{"line":47,"column":4},"end":{"line":56,"column":5}},"23":{"start":{"line":48,"column":22},"end":{"line":52,"column":34}},"24":{"start":{"line":53,"column":8},"end":{"line":53,"column":28}},"25":{"start":{"line":55,"column":8},"end":{"line":55,"column":18}},"26":{"start":{"line":60,"column":19},"end":{"line":74,"column":1}},"27":{"start":{"line":61,"column":27},"end":{"line":61,"column":37}},"28":{"start":{"line":62,"column":4},"end":{"line":62,"column":54}},"29":{"start":{"line":64,"column":4},"end":{"line":66,"column":5}},"30":{"start":{"line":65,"column":8},"end":{"line":65,"column":72}},"31":{"start":{"line":68,"column":4},"end":{"line":73,"column":32}},"32":{"start":{"line":70,"column":12},"end":{"line":70,"column":81}},"33":{"start":{"line":70,"column":23},"end":{"line":70,"column":81}},"34":{"start":{"line":71,"column":12},"end":{"line":71,"column":26}},"35":{"start":{"line":73,"column":22},"end":{"line":73,"column":31}},"36":{"start":{"line":77,"column":17},"end":{"line":113,"column":1}},"37":{"start":{"line":78,"column":92},"end":{"line":78,"column":100}},"38":{"start":{"line":80,"column":24},"end":{"line":80,"column":63}},"39":{"start":{"line":81,"column":19},"end":{"line":81,"column":90}},"40":{"start":{"line":83,"column":4},"end":{"line":85,"column":5}},"41":{"start":{"line":84,"column":8},"end":{"line":84,"column":74}},"42":{"start":{"line":87,"column":4},"end":{"line":112,"column":32}},"43":{"start":{"line":102,"column":12},"end":{"line":108,"column":13}},"44":{"start":{"line":103,"column":16},"end":{"line":107,"column":35}},"45":{"start":{"line":107,"column":29},"end":{"line":107,"column":33}},"46":{"start":{"line":109,"column":12},"end":{"line":109,"column":24}},"47":{"start":{"line":111,"column":22},"end":{"line":111,"column":48}},"48":{"start":{"line":112,"column":22},"end":{"line":112,"column":31}},"49":{"start":{"line":116,"column":19},"end":{"line":143,"column":1}},"50":{"start":{"line":117,"column":4},"end":{"line":142,"column":5}},"51":{"start":{"line":118,"column":31},"end":{"line":118,"column":41}},"52":{"start":{"line":120,"column":8},"end":{"line":122,"column":9}},"53":{"start":{"line":121,"column":12},"end":{"line":121,"column":76}},"54":{"start":{"line":124,"column":21},"end":{"line":124,"column":57}},"55":{"start":{"line":126,"column":8},"end":{"line":128,"column":9}},"56":{"start":{"line":127,"column":12},"end":{"line":127,"column":71}},"57":{"start":{"line":131,"column":8},"end":{"line":137,"column":9}},"58":{"start":{"line":132,"column":12},"end":{"line":136,"column":14}},"59":{"start":{"line":139,"column":8},"end":{"line":139,"column":28}},"60":{"start":{"line":141,"column":8},"end":{"line":141,"column":18}},"61":{"start":{"line":146,"column":17},"end":{"line":180,"column":1}},"62":{"start":{"line":147,"column":92},"end":{"line":147,"column":100}},"63":{"start":{"line":148,"column":27},"end":{"line":148,"column":37}},"64":{"start":{"line":150,"column":24},"end":{"line":150,"column":63}},"65":{"start":{"line":151,"column":19},"end":{"line":151,"column":90}},"66":{"start":{"line":153,"column":4},"end":{"line":155,"column":5}},"67":{"start":{"line":154,"column":8},"end":{"line":154,"column":74}},"68":{"start":{"line":157,"column":4},"end":{"line":179,"column":32}},"69":{"start":{"line":176,"column":12},"end":{"line":176,"column":93}},"70":{"start":{"line":176,"column":30},"end":{"line":176,"column":93}},"71":{"start":{"line":177,"column":12},"end":{"line":177,"column":45}},"72":{"start":{"line":179,"column":22},"end":{"line":179,"column":31}},"73":{"start":{"line":182,"column":19},"end":{"line":205,"column":1}},"74":{"start":{"line":183,"column":16},"end":{"line":183,"column":18}},"75":{"start":{"line":184,"column":15},"end":{"line":184,"column":17}},"76":{"start":{"line":186,"column":4},"end":{"line":189,"column":5}},"77":{"start":{"line":187,"column":25},"end":{"line":187,"column":43}},"78":{"start":{"line":188,"column":8},"end":{"line":188,"column":50}},"79":{"start":{"line":188,"column":30},"end":{"line":188,"column":50}},"80":{"start":{"line":191,"column":4},"end":{"line":191,"column":47}},"81":{"start":{"line":191,"column":22},"end":{"line":191,"column":47}},"82":{"start":{"line":192,"column":4},"end":{"line":192,"column":59}},"83":{"start":{"line":192,"column":26},"end":{"line":192,"column":59}},"84":{"start":{"line":193,"column":4},"end":{"line":193,"column":103}},"85":{"start":{"line":193,"column":22},"end":{"line":193,"column":103}},"86":{"start":{"line":194,"column":4},"end":{"line":194,"column":107}},"87":{"start":{"line":194,"column":23},"end":{"line":194,"column":107}},"88":{"start":{"line":195,"column":4},"end":{"line":195,"column":112}},"89":{"start":{"line":195,"column":24},"end":{"line":195,"column":112}},"90":{"start":{"line":196,"column":4},"end":{"line":196,"column":123}},"91":{"start":{"line":196,"column":27},"end":{"line":196,"column":123}},"92":{"start":{"line":198,"column":4},"end":{"line":200,"column":5}},"93":{"start":{"line":199,"column":8},"end":{"line":199,"column":57}},"94":{"start":{"line":202,"column":4},"end":{"line":202,"column":61}},"95":{"start":{"line":204,"column":4},"end":{"line":204,"column":27}},"96":{"start":{"line":208,"column":20},"end":{"line":236,"column":1}},"97":{"start":{"line":209,"column":17},"end":{"line":209,"column":62}},"98":{"start":{"line":210,"column":18},"end":{"line":210,"column":67}},"99":{"start":{"line":211,"column":17},"end":{"line":211,"column":35}},"100":{"start":{"line":213,"column":4},"end":{"line":213,"column":66}},"101":{"start":{"line":215,"column":4},"end":{"line":215,"column":46}},"102":{"start":{"line":217,"column":53},"end":{"line":217,"column":60}},"103":{"start":{"line":218,"column":28},"end":{"line":218,"column":73}},"104":{"start":{"line":220,"column":4},"end":{"line":220,"column":44}},"105":{"start":{"line":221,"column":4},"end":{"line":221,"column":45}},"106":{"start":{"line":223,"column":4},"end":{"line":235,"column":5}},"107":{"start":{"line":224,"column":27},"end":{"line":224,"column":59}},"108":{"start":{"line":225,"column":22},"end":{"line":228,"column":33}},"109":{"start":{"line":230,"column":27},"end":{"line":230,"column":56}},"110":{"start":{"line":232,"column":8},"end":{"line":232,"column":48}},"111":{"start":{"line":234,"column":8},"end":{"line":234,"column":19}},"112":{"start":{"line":238,"column":37},"end":{"line":250,"column":1}},"113":{"start":{"line":239,"column":4},"end":{"line":249,"column":5}},"114":{"start":{"line":240,"column":22},"end":{"line":245,"column":35}},"115":{"start":{"line":246,"column":8},"end":{"line":246,"column":28}},"116":{"start":{"line":248,"column":8},"end":{"line":248,"column":18}},"117":{"start":{"line":252,"column":0},"end":{"line":261,"column":2}}},"fnMap":{"0":{"name":"(anonymous_0)","decl":{"start":{"line":8,"column":20},"end":{"line":8,"column":21}},"loc":{"start":{"line":8,"column":46},"end":{"line":43,"column":1}},"line":8},"1":{"name":"(anonymous_1)","decl":{"start":{"line":46,"column":31},"end":{"line":46,"column":32}},"loc":{"start":{"line":46,"column":57},"end":{"line":57,"column":1}},"line":46},"2":{"name":"(anonymous_2)","decl":{"start":{"line":60,"column":19},"end":{"line":60,"column":20}},"loc":{"start":{"line":60,"column":39},"end":{"line":74,"column":1}},"line":60},"3":{"name":"(anonymous_3)","decl":{"start":{"line":69,"column":14},"end":{"line":69,"column":15}},"loc":{"start":{"line":69,"column":22},"end":{"line":72,"column":9}},"line":69},"4":{"name":"(anonymous_4)","decl":{"start":{"line":73,"column":15},"end":{"line":73,"column":16}},"loc":{"start":{"line":73,"column":22},"end":{"line":73,"column":31}},"line":73},"5":{"name":"(anonymous_5)","decl":{"start":{"line":77,"column":17},"end":{"line":77,"column":18}},"loc":{"start":{"line":77,"column":37},"end":{"line":113,"column":1}},"line":77},"6":{"name":"(anonymous_6)","decl":{"start":{"line":101,"column":14},"end":{"line":101,"column":15}},"loc":{"start":{"line":101,"column":22},"end":{"line":110,"column":9}},"line":101},"7":{"name":"(anonymous_7)","decl":{"start":{"line":107,"column":23},"end":{"line":107,"column":24}},"loc":{"start":{"line":107,"column":29},"end":{"line":107,"column":33}},"line":107},"8":{"name":"(anonymous_8)","decl":{"start":{"line":111,"column":14},"end":{"line":111,"column":15}},"loc":{"start":{"line":111,"column":22},"end":{"line":111,"column":48}},"line":111},"9":{"name":"(anonymous_9)","decl":{"start":{"line":112,"column":15},"end":{"line":112,"column":16}},"loc":{"start":{"line":112,"column":22},"end":{"line":112,"column":31}},"line":112},"10":{"name":"(anonymous_10)","decl":{"start":{"line":116,"column":19},"end":{"line":116,"column":20}},"loc":{"start":{"line":116,"column":45},"end":{"line":143,"column":1}},"line":116},"11":{"name":"(anonymous_11)","decl":{"start":{"line":146,"column":17},"end":{"line":146,"column":18}},"loc":{"start":{"line":146,"column":37},"end":{"line":180,"column":1}},"line":146},"12":{"name":"(anonymous_12)","decl":{"start":{"line":175,"column":14},"end":{"line":175,"column":15}},"loc":{"start":{"line":175,"column":29},"end":{"line":178,"column":9}},"line":175},"13":{"name":"(anonymous_13)","decl":{"start":{"line":179,"column":15},"end":{"line":179,"column":16}},"loc":{"start":{"line":179,"column":22},"end":{"line":179,"column":31}},"line":179},"14":{"name":"(anonymous_14)","decl":{"start":{"line":182,"column":19},"end":{"line":182,"column":20}},"loc":{"start":{"line":182,"column":56},"end":{"line":205,"column":1}},"line":182},"15":{"name":"(anonymous_15)","decl":{"start":{"line":208,"column":20},"end":{"line":208,"column":21}},"loc":{"start":{"line":208,"column":39},"end":{"line":236,"column":1}},"line":208},"16":{"name":"(anonymous_16)","decl":{"start":{"line":238,"column":37},"end":{"line":238,"column":38}},"loc":{"start":{"line":238,"column":63},"end":{"line":250,"column":1}},"line":238}},"branchMap":{"0":{"loc":{"start":{"line":9,"column":12},"end":{"line":9,"column":20}},"type":"default-arg","locations":[{"start":{"line":9,"column":19},"end":{"line":9,"column":20}}],"line":9},"1":{"loc":{"start":{"line":9,"column":22},"end":{"line":9,"column":33}},"type":"default-arg","locations":[{"start":{"line":9,"column":30},"end":{"line":9,"column":33}}],"line":9},"2":{"loc":{"start":{"line":9,"column":35},"end":{"line":9,"column":52}},"type":"default-arg","locations":[{"start":{"line":9,"column":45},"end":{"line":9,"column":52}}],"line":9},"3":{"loc":{"start":{"line":9,"column":54},"end":{"line":9,"column":75}},"type":"default-arg","locations":[{"start":{"line":9,"column":70},"end":{"line":9,"column":75}}],"line":9},"4":{"loc":{"start":{"line":22,"column":8},"end":{"line":24,"column":9}},"type":"if","locations":[{"start":{"line":22,"column":8},"end":{"line":24,"column":9}},{"start":{},"end":{}}],"line":22},"5":{"loc":{"start":{"line":64,"column":4},"end":{"line":66,"column":5}},"type":"if","locations":[{"start":{"line":64,"column":4},"end":{"line":66,"column":5}},{"start":{},"end":{}}],"line":64},"6":{"loc":{"start":{"line":70,"column":12},"end":{"line":70,"column":81}},"type":"if","locations":[{"start":{"line":70,"column":12},"end":{"line":70,"column":81}},{"start":{},"end":{}}],"line":70},"7":{"loc":{"start":{"line":81,"column":19},"end":{"line":81,"column":90}},"type":"cond-expr","locations":[{"start":{"line":81,"column":33},"end":{"line":81,"column":83}},{"start":{"line":81,"column":86},"end":{"line":81,"column":90}}],"line":81},"8":{"loc":{"start":{"line":83,"column":4},"end":{"line":85,"column":5}},"type":"if","locations":[{"start":{"line":83,"column":4},"end":{"line":85,"column":5}},{"start":{},"end":{}}],"line":83},"9":{"loc":{"start":{"line":102,"column":12},"end":{"line":108,"column":13}},"type":"if","locations":[{"start":{"line":102,"column":12},"end":{"line":108,"column":13}},{"start":{},"end":{}}],"line":102},"10":{"loc":{"start":{"line":120,"column":8},"end":{"line":122,"column":9}},"type":"if","locations":[{"start":{"line":120,"column":8},"end":{"line":122,"column":9}},{"start":{},"end":{}}],"line":120},"11":{"loc":{"start":{"line":126,"column":8},"end":{"line":128,"column":9}},"type":"if","locations":[{"start":{"line":126,"column":8},"end":{"line":128,"column":9}},{"start":{},"end":{}}],"line":126},"12":{"loc":{"start":{"line":131,"column":8},"end":{"line":137,"column":9}},"type":"if","locations":[{"start":{"line":131,"column":8},"end":{"line":137,"column":9}},{"start":{},"end":{}}],"line":131},"13":{"loc":{"start":{"line":151,"column":19},"end":{"line":151,"column":90}},"type":"cond-expr","locations":[{"start":{"line":151,"column":33},"end":{"line":151,"column":83}},{"start":{"line":151,"column":86},"end":{"line":151,"column":90}}],"line":151},"14":{"loc":{"start":{"line":153,"column":4},"end":{"line":155,"column":5}},"type":"if","locations":[{"start":{"line":153,"column":4},"end":{"line":155,"column":5}},{"start":{},"end":{}}],"line":153},"15":{"loc":{"start":{"line":176,"column":12},"end":{"line":176,"column":93}},"type":"if","locations":[{"start":{"line":176,"column":12},"end":{"line":176,"column":93}},{"start":{},"end":{}}],"line":176},"16":{"loc":{"start":{"line":186,"column":4},"end":{"line":189,"column":5}},"type":"if","locations":[{"start":{"line":186,"column":4},"end":{"line":189,"column":5}},{"start":{},"end":{}}],"line":186},"17":{"loc":{"start":{"line":188,"column":8},"end":{"line":188,"column":50}},"type":"if","locations":[{"start":{"line":188,"column":8},"end":{"line":188,"column":50}},{"start":{},"end":{}}],"line":188},"18":{"loc":{"start":{"line":191,"column":4},"end":{"line":191,"column":47}},"type":"if","locations":[{"start":{"line":191,"column":4},"end":{"line":191,"column":47}},{"start":{},"end":{}}],"line":191},"19":{"loc":{"start":{"line":192,"column":4},"end":{"line":192,"column":59}},"type":"if","locations":[{"start":{"line":192,"column":4},"end":{"line":192,"column":59}},{"start":{},"end":{}}],"line":192},"20":{"loc":{"start":{"line":193,"column":4},"end":{"line":193,"column":103}},"type":"if","locations":[{"start":{"line":193,"column":4},"end":{"line":193,"column":103}},{"start":{},"end":{}}],"line":193},"21":{"loc":{"start":{"line":193,"column":35},"end":{"line":193,"column":102}},"type":"cond-expr","locations":[{"start":{"line":193,"column":83},"end":{"line":193,"column":95}},{"start":{"line":193,"column":98},"end":{"line":193,"column":102}}],"line":193},"22":{"loc":{"start":{"line":194,"column":4},"end":{"line":194,"column":107}},"type":"if","locations":[{"start":{"line":194,"column":4},"end":{"line":194,"column":107}},{"start":{},"end":{}}],"line":194},"23":{"loc":{"start":{"line":194,"column":37},"end":{"line":194,"column":106}},"type":"cond-expr","locations":[{"start":{"line":194,"column":86},"end":{"line":194,"column":99}},{"start":{"line":194,"column":102},"end":{"line":194,"column":106}}],"line":194},"24":{"loc":{"start":{"line":195,"column":4},"end":{"line":195,"column":112}},"type":"if","locations":[{"start":{"line":195,"column":4},"end":{"line":195,"column":112}},{"start":{},"end":{}}],"line":195},"25":{"loc":{"start":{"line":195,"column":40},"end":{"line":195,"column":111}},"type":"cond-expr","locations":[{"start":{"line":195,"column":90},"end":{"line":195,"column":104}},{"start":{"line":195,"column":107},"end":{"line":195,"column":111}}],"line":195},"26":{"loc":{"start":{"line":196,"column":4},"end":{"line":196,"column":123}},"type":"if","locations":[{"start":{"line":196,"column":4},"end":{"line":196,"column":123}},{"start":{},"end":{}}],"line":196},"27":{"loc":{"start":{"line":196,"column":45},"end":{"line":196,"column":122}},"type":"cond-expr","locations":[{"start":{"line":196,"column":98},"end":{"line":196,"column":115}},{"start":{"line":196,"column":118},"end":{"line":196,"column":122}}],"line":196},"28":{"loc":{"start":{"line":198,"column":4},"end":{"line":200,"column":5}},"type":"if","locations":[{"start":{"line":198,"column":4},"end":{"line":200,"column":5}},{"start":{},"end":{}}],"line":198},"29":{"loc":{"start":{"line":198,"column":8},"end":{"line":198,"column":32}},"type":"binary-expr","locations":[{"start":{"line":198,"column":8},"end":{"line":198,"column":15}},{"start":{"line":198,"column":19},"end":{"line":198,"column":32}}],"line":198},"30":{"loc":{"start":{"line":199,"column":24},"end":{"line":199,"column":56}},"type":"cond-expr","locations":[{"start":{"line":199,"column":50},"end":{"line":199,"column":51}},{"start":{"line":199,"column":54},"end":{"line":199,"column":56}}],"line":199},"31":{"loc":{"start":{"line":209,"column":17},"end":{"line":209,"column":62}},"type":"cond-expr","locations":[{"start":{"line":209,"column":32},"end":{"line":209,"column":58}},{"start":{"line":209,"column":61},"end":{"line":209,"column":62}}],"line":209},"32":{"loc":{"start":{"line":210,"column":18},"end":{"line":210,"column":67}},"type":"cond-expr","locations":[{"start":{"line":210,"column":34},"end":{"line":210,"column":61}},{"start":{"line":210,"column":64},"end":{"line":210,"column":67}}],"line":210}},"s":{"0":0,"1":0,"2":0,"3":0,"4":0,"5":0,"6":0,"7":0,"8":0,"9":0,"10":0,"11":0,"12":0,"13":0,"14":0,"15":0,"16":0,"17":0,"18":0,"19":0,"20":0,"21":0,"22":0,"23":0,"24":0,"25":0,"26":0,"27":0,"28":0,"29":0,"30":0,"31":0,"32":0,"33":0,"34":0,"35":0,"36":0,"37":0,"38":0,"39":0,"40":0,"41":0,"42":0,"43":0,"44":0,"45":0,"46":0,"47":0,"48":0,"49":0,"50":0,"51":0,"52":0,"53":0,"54":0,"55":0,"56":0,"57":0,"58":0,"59":0,"60":0,"61":0,"62":0,"63":0,"64":0,"65":0,"66":0,"67":0,"68":0,"69":0,"70":0,"71":0,"72":0,"73":0,"74":0,"75":0,"76":0,"77":0,"78":0,"79":0,"80":0,"81":0,"82":0,"83":0,"84":0,"85":0,"86":0,"87":0,"88":0,"89":0,"90":0,"91":0,"92":0,"93":0,"94":0,"95":0,"96":0,"97":0,"98":0,"99":0,"100":0,"101":0,"102":0,"103":0,"104":0,"105":0,"106":0,"107":0,"108":0,"109":0,"110":0,"111":0,"112":0,"113":0,"114":0,"115":0,"116":0,"117":0},"f":{"0":0,"1":0,"2":0,"3":0,"4":0,"5":0,"6":0,"7":0,"8":0,"9":0,"10":0,"11":0,"12":0,"13":0,"14":0,"15":0,"16":0},"b":{"0":[0],"1":[0],"2":[0],"3":[0],"4":[0,0],"5":[0,0],"6":[0,0],"7":[0,0],"8":[0,0],"9":[0,0],"10":[0,0],"11":[0,0],"12":[0,0],"13":[0,0],"14":[0,0],"15":[0,0],"16":[0,0],"17":[0,0],"18":[0,0],"19":[0,0],"20":[0,0],"21":[0,0],"22":[0,0],"23":[0,0],"24":[0,0],"25":[0,0],"26":[0,0],"27":[0,0],"28":[0,0],"29":[0,0],"30":[0,0],"31":[0,0],"32":[0,0]}}
,"C:\\Users\\aaron\\Solentine\\server-solentine\\controllers\\user.controllers.js": {"path":"C:\\Users\\aaron\\Solentine\\server-solentine\\controllers\\user.controllers.js","statementMap":{"0":{"start":{"line":1,"column":13},"end":{"line":1,"column":44}},"1":{"start":{"line":2,"column":17},"end":{"line":2,"column":36}},"2":{"start":{"line":4,"column":20},"end":{"line":14,"column":1}},"3":{"start":{"line":5,"column":37},"end":{"line":5,"column":46}},"4":{"start":{"line":6,"column":17},"end":{"line":6,"column":35}},"5":{"start":{"line":8,"column":4},"end":{"line":13,"column":5}},"6":{"start":{"line":9,"column":22},"end":{"line":9,"column":71}},"7":{"start":{"line":10,"column":8},"end":{"line":10,"column":24}},"8":{"start":{"line":12,"column":8},"end":{"line":12,"column":20}},"9":{"start":{"line":16,"column":29},"end":{"line":35,"column":1}},"10":{"start":{"line":18,"column":37},"end":{"line":18,"column":46}},"11":{"start":{"line":20,"column":4},"end":{"line":34,"column":10}},"12":{"start":{"line":26,"column":12},"end":{"line":28,"column":13}},"13":{"start":{"line":27,"column":16},"end":{"line":27,"column":75}},"14":{"start":{"line":29,"column":12},"end":{"line":29,"column":27}},"15":{"start":{"line":32,"column":12},"end":{"line":32,"column":55}},"16":{"start":{"line":33,"column":12},"end":{"line":33,"column":21}},"17":{"start":{"line":37,"column":16},"end":{"line":54,"column":1}},"18":{"start":{"line":38,"column":19},"end":{"line":38,"column":29}},"19":{"start":{"line":39,"column":4},"end":{"line":39,"column":50}},"20":{"start":{"line":41,"column":4},"end":{"line":43,"column":5}},"21":{"start":{"line":42,"column":8},"end":{"line":42,"column":68}},"22":{"start":{"line":45,"column":4},"end":{"line":53,"column":5}},"23":{"start":{"line":46,"column":21},"end":{"line":46,"column":62}},"24":{"start":{"line":47,"column":8},"end":{"line":49,"column":9}},"25":{"start":{"line":48,"column":12},"end":{"line":48,"column":71}},"26":{"start":{"line":50,"column":8},"end":{"line":50,"column":23}},"27":{"start":{"line":52,"column":8},"end":{"line":52,"column":20}},"28":{"start":{"line":56,"column":17},"end":{"line":81,"column":1}},"29":{"start":{"line":57,"column":19},"end":{"line":57,"column":29}},"30":{"start":{"line":58,"column":38},"end":{"line":58,"column":46}},"31":{"start":{"line":59,"column":19},"end":{"line":59,"column":50}},"32":{"start":{"line":61,"column":4},"end":{"line":63,"column":5}},"33":{"start":{"line":62,"column":8},"end":{"line":62,"column":68}},"34":{"start":{"line":65,"column":23},"end":{"line":65,"column":48}},"35":{"start":{"line":66,"column":4},"end":{"line":68,"column":5}},"36":{"start":{"line":67,"column":8},"end":{"line":67,"column":35}},"37":{"start":{"line":70,"column":4},"end":{"line":80,"column":5}},"38":{"start":{"line":71,"column":28},"end":{"line":73,"column":9}},"39":{"start":{"line":74,"column":8},"end":{"line":76,"column":9}},"40":{"start":{"line":75,"column":12},"end":{"line":75,"column":71}},"41":{"start":{"line":77,"column":8},"end":{"line":77,"column":30}},"42":{"start":{"line":79,"column":8},"end":{"line":79,"column":20}},"43":{"start":{"line":83,"column":20},"end":{"line":96,"column":1}},"44":{"start":{"line":84,"column":22},"end":{"line":84,"column":31}},"45":{"start":{"line":86,"column":4},"end":{"line":88,"column":5}},"46":{"start":{"line":87,"column":8},"end":{"line":87,"column":77}},"47":{"start":{"line":90,"column":4},"end":{"line":95,"column":5}},"48":{"start":{"line":91,"column":22},"end":{"line":91,"column":68}},"49":{"start":{"line":92,"column":8},"end":{"line":92,"column":23}},"50":{"start":{"line":94,"column":8},"end":{"line":94,"column":19}},"51":{"start":{"line":98,"column":19},"end":{"line":114,"column":1}},"52":{"start":{"line":99,"column":19},"end":{"line":99,"column":29}},"53":{"start":{"line":101,"column":4},"end":{"line":103,"column":5}},"54":{"start":{"line":102,"column":8},"end":{"line":102,"column":68}},"55":{"start":{"line":105,"column":4},"end":{"line":113,"column":5}},"56":{"start":{"line":106,"column":28},"end":{"line":106,"column":60}},"57":{"start":{"line":107,"column":8},"end":{"line":109,"column":9}},"58":{"start":{"line":108,"column":12},"end":{"line":108,"column":71}},"59":{"start":{"line":110,"column":8},"end":{"line":110,"column":59}},"60":{"start":{"line":112,"column":8},"end":{"line":112,"column":20}},"61":{"start":{"line":116,"column":0},"end":{"line":123,"column":2}}},"fnMap":{"0":{"name":"(anonymous_0)","decl":{"start":{"line":4,"column":20},"end":{"line":4,"column":21}},"loc":{"start":{"line":4,"column":46},"end":{"line":14,"column":1}},"line":4},"1":{"name":"(anonymous_1)","decl":{"start":{"line":16,"column":29},"end":{"line":16,"column":30}},"loc":{"start":{"line":16,"column":55},"end":{"line":35,"column":1}},"line":16},"2":{"name":"(anonymous_2)","decl":{"start":{"line":25,"column":14},"end":{"line":25,"column":15}},"loc":{"start":{"line":25,"column":23},"end":{"line":30,"column":9}},"line":25},"3":{"name":"(anonymous_3)","decl":{"start":{"line":31,"column":15},"end":{"line":31,"column":16}},"loc":{"start":{"line":31,"column":22},"end":{"line":34,"column":9}},"line":31},"4":{"name":"(anonymous_4)","decl":{"start":{"line":37,"column":16},"end":{"line":37,"column":17}},"loc":{"start":{"line":37,"column":42},"end":{"line":54,"column":1}},"line":37},"5":{"name":"(anonymous_5)","decl":{"start":{"line":56,"column":17},"end":{"line":56,"column":18}},"loc":{"start":{"line":56,"column":43},"end":{"line":81,"column":1}},"line":56},"6":{"name":"(anonymous_6)","decl":{"start":{"line":83,"column":20},"end":{"line":83,"column":21}},"loc":{"start":{"line":83,"column":46},"end":{"line":96,"column":1}},"line":83},"7":{"name":"(anonymous_7)","decl":{"start":{"line":98,"column":19},"end":{"line":98,"column":20}},"loc":{"start":{"line":98,"column":45},"end":{"line":114,"column":1}},"line":98}},"branchMap":{"0":{"loc":{"start":{"line":5,"column":12},"end":{"line":5,"column":20}},"type":"default-arg","locations":[{"start":{"line":5,"column":19},"end":{"line":5,"column":20}}],"line":5},"1":{"loc":{"start":{"line":5,"column":22},"end":{"line":5,"column":32}},"type":"default-arg","locations":[{"start":{"line":5,"column":30},"end":{"line":5,"column":32}}],"line":5},"2":{"loc":{"start":{"line":18,"column":12},"end":{"line":18,"column":20}},"type":"default-arg","locations":[{"start":{"line":18,"column":19},"end":{"line":18,"column":20}}],"line":18},"3":{"loc":{"start":{"line":18,"column":22},"end":{"line":18,"column":32}},"type":"default-arg","locations":[{"start":{"line":18,"column":30},"end":{"line":18,"column":32}}],"line":18},"4":{"loc":{"start":{"line":26,"column":12},"end":{"line":28,"column":13}},"type":"if","locations":[{"start":{"line":26,"column":12},"end":{"line":28,"column":13}},{"start":{},"end":{}}],"line":26},"5":{"loc":{"start":{"line":41,"column":4},"end":{"line":43,"column":5}},"type":"if","locations":[{"start":{"line":41,"column":4},"end":{"line":43,"column":5}},{"start":{},"end":{}}],"line":41},"6":{"loc":{"start":{"line":47,"column":8},"end":{"line":49,"column":9}},"type":"if","locations":[{"start":{"line":47,"column":8},"end":{"line":49,"column":9}},{"start":{},"end":{}}],"line":47},"7":{"loc":{"start":{"line":59,"column":19},"end":{"line":59,"column":50}},"type":"cond-expr","locations":[{"start":{"line":59,"column":30},"end":{"line":59,"column":43}},{"start":{"line":59,"column":46},"end":{"line":59,"column":50}}],"line":59},"8":{"loc":{"start":{"line":61,"column":4},"end":{"line":63,"column":5}},"type":"if","locations":[{"start":{"line":61,"column":4},"end":{"line":63,"column":5}},{"start":{},"end":{}}],"line":61},"9":{"loc":{"start":{"line":66,"column":4},"end":{"line":68,"column":5}},"type":"if","locations":[{"start":{"line":66,"column":4},"end":{"line":68,"column":5}},{"start":{},"end":{}}],"line":66},"10":{"loc":{"start":{"line":74,"column":8},"end":{"line":76,"column":9}},"type":"if","locations":[{"start":{"line":74,"column":8},"end":{"line":76,"column":9}},{"start":{},"end":{}}],"line":74},"11":{"loc":{"start":{"line":86,"column":4},"end":{"line":88,"column":5}},"type":"if","locations":[{"start":{"line":86,"column":4},"end":{"line":88,"column":5}},{"start":{},"end":{}}],"line":86},"12":{"loc":{"start":{"line":101,"column":4},"end":{"line":103,"column":5}},"type":"if","locations":[{"start":{"line":101,"column":4},"end":{"line":103,"column":5}},{"start":{},"end":{}}],"line":101},"13":{"loc":{"start":{"line":107,"column":8},"end":{"line":109,"column":9}},"type":"if","locations":[{"start":{"line":107,"column":8},"end":{"line":109,"column":9}},{"start":{},"end":{}}],"line":107}},"s":{"0":0,"1":0,"2":0,"3":0,"4":0,"5":0,"6":0,"7":0,"8":0,"9":0,"10":0,"11":0,"12":0,"13":0,"14":0,"15":0,"16":0,"17":0,"18":0,"19":0,"20":0,"21":0,"22":0,"23":0,"24":0,"25":0,"26":0,"27":0,"28":0,"29":0,"30":0,"31":0,"32":0,"33":0,"34":0,"35":0,"36":0,"37":0,"38":0,"39":0,"40":0,"41":0,"42":0,"43":0,"44":0,"45":0,"46":0,"47":0,"48":0,"49":0,"50":0,"51":0,"52":0,"53":0,"54":0,"55":0,"56":0,"57":0,"58":0,"59":0,"60":0,"61":0},"f":{"0":0,"1":0,"2":0,"3":0,"4":0,"5":0,"6":0,"7":0},"b":{"0":[0],"1":[0],"2":[0],"3":[0],"4":[0,0],"5":[0,0],"6":[0,0],"7":[0,0],"8":[0,0],"9":[0,0],"10":[0,0],"11":[0,0],"12":[0,0],"13":[0,0]}}
,"C:\\Users\\aaron\\Solentine\\server-solentine\\controllers\\zone.controllers.js": {"path":"C:\\Users\\aaron\\Solentine\\server-solentine\\controllers\\zone.controllers.js","statementMap":{"0":{"start":{"line":1,"column":13},"end":{"line":1,"column":44}},"1":{"start":{"line":2,"column":37},"end":{"line":2,"column":83}},"2":{"start":{"line":4,"column":25},"end":{"line":4,"column":49}},"3":{"start":{"line":6,"column":20},"end":{"line":13,"column":1}},"4":{"start":{"line":7,"column":4},"end":{"line":12,"column":5}},"5":{"start":{"line":8,"column":22},"end":{"line":8,"column":39}},"6":{"start":{"line":9,"column":8},"end":{"line":9,"column":24}},"7":{"start":{"line":11,"column":8},"end":{"line":11,"column":18}},"8":{"start":{"line":15,"column":19},"end":{"line":82,"column":1}},"9":{"start":{"line":16,"column":4},"end":{"line":81,"column":5}},"10":{"start":{"line":17,"column":41},"end":{"line":17,"column":49}},"11":{"start":{"line":19,"column":23},"end":{"line":19,"column":27}},"12":{"start":{"line":21,"column":8},"end":{"line":69,"column":9}},"13":{"start":{"line":22,"column":12},"end":{"line":68,"column":13}},"14":{"start":{"line":23,"column":33},"end":{"line":28,"column":18}},"15":{"start":{"line":31,"column":16},"end":{"line":45,"column":17}},"16":{"start":{"line":32,"column":20},"end":{"line":38,"column":21}},"17":{"start":{"line":33,"column":24},"end":{"line":37,"column":27}},"18":{"start":{"line":40,"column":20},"end":{"line":44,"column":23}},"19":{"start":{"line":47,"column":16},"end":{"line":52,"column":17}},"20":{"start":{"line":48,"column":20},"end":{"line":51,"column":23}},"21":{"start":{"line":54,"column":37},"end":{"line":54,"column":79}},"22":{"start":{"line":55,"column":16},"end":{"line":55,"column":40}},"23":{"start":{"line":57,"column":16},"end":{"line":57,"column":72}},"24":{"start":{"line":59,"column":16},"end":{"line":65,"column":17}},"25":{"start":{"line":60,"column":20},"end":{"line":64,"column":23}},"26":{"start":{"line":67,"column":16},"end":{"line":67,"column":98}},"27":{"start":{"line":71,"column":24},"end":{"line":75,"column":10}},"28":{"start":{"line":77,"column":26},"end":{"line":77,"column":46}},"29":{"start":{"line":78,"column":8},"end":{"line":78,"column":28}},"30":{"start":{"line":80,"column":8},"end":{"line":80,"column":18}},"31":{"start":{"line":84,"column":19},"end":{"line":91,"column":1}},"32":{"start":{"line":85,"column":4},"end":{"line":90,"column":5}},"33":{"start":{"line":86,"column":28},"end":{"line":86,"column":96}},"34":{"start":{"line":87,"column":8},"end":{"line":87,"column":29}},"35":{"start":{"line":89,"column":8},"end":{"line":89,"column":17}},"36":{"start":{"line":93,"column":19},"end":{"line":100,"column":1}},"37":{"start":{"line":94,"column":4},"end":{"line":99,"column":5}},"38":{"start":{"line":95,"column":8},"end":{"line":95,"column":51}},"39":{"start":{"line":96,"column":8},"end":{"line":96,"column":45}},"40":{"start":{"line":98,"column":8},"end":{"line":98,"column":17}},"41":{"start":{"line":102,"column":0},"end":{"line":107,"column":1}}},"fnMap":{"0":{"name":"(anonymous_0)","decl":{"start":{"line":6,"column":20},"end":{"line":6,"column":21}},"loc":{"start":{"line":6,"column":46},"end":{"line":13,"column":1}},"line":6},"1":{"name":"(anonymous_1)","decl":{"start":{"line":15,"column":19},"end":{"line":15,"column":20}},"loc":{"start":{"line":15,"column":45},"end":{"line":82,"column":1}},"line":15},"2":{"name":"(anonymous_2)","decl":{"start":{"line":84,"column":19},"end":{"line":84,"column":20}},"loc":{"start":{"line":84,"column":45},"end":{"line":91,"column":1}},"line":84},"3":{"name":"(anonymous_3)","decl":{"start":{"line":93,"column":19},"end":{"line":93,"column":20}},"loc":{"start":{"line":93,"column":45},"end":{"line":100,"column":1}},"line":93}},"branchMap":{"0":{"loc":{"start":{"line":21,"column":8},"end":{"line":69,"column":9}},"type":"if","locations":[{"start":{"line":21,"column":8},"end":{"line":69,"column":9}},{"start":{},"end":{}}],"line":21},"1":{"loc":{"start":{"line":31,"column":16},"end":{"line":45,"column":17}},"type":"if","locations":[{"start":{"line":31,"column":16},"end":{"line":45,"column":17}},{"start":{},"end":{}}],"line":31},"2":{"loc":{"start":{"line":31,"column":20},"end":{"line":31,"column":73}},"type":"binary-expr","locations":[{"start":{"line":31,"column":20},"end":{"line":31,"column":40}},{"start":{"line":31,"column":44},"end":{"line":31,"column":73}}],"line":31},"3":{"loc":{"start":{"line":32,"column":20},"end":{"line":38,"column":21}},"type":"if","locations":[{"start":{"line":32,"column":20},"end":{"line":38,"column":21}},{"start":{},"end":{}}],"line":32},"4":{"loc":{"start":{"line":32,"column":24},"end":{"line":32,"column":117}},"type":"binary-expr","locations":[{"start":{"line":32,"column":24},"end":{"line":32,"column":65}},{"start":{"line":32,"column":69},"end":{"line":32,"column":117}}],"line":32},"5":{"loc":{"start":{"line":42,"column":33},"end":{"line":42,"column":115}},"type":"binary-expr","locations":[{"start":{"line":42,"column":33},"end":{"line":42,"column":60}},{"start":{"line":42,"column":64},"end":{"line":42,"column":115}}],"line":42},"6":{"loc":{"start":{"line":47,"column":16},"end":{"line":52,"column":17}},"type":"if","locations":[{"start":{"line":47,"column":16},"end":{"line":52,"column":17}},{"start":{},"end":{}}],"line":47},"7":{"loc":{"start":{"line":59,"column":16},"end":{"line":65,"column":17}},"type":"if","locations":[{"start":{"line":59,"column":16},"end":{"line":65,"column":17}},{"start":{},"end":{}}],"line":59},"8":{"loc":{"start":{"line":59,"column":20},"end":{"line":59,"column":90}},"type":"binary-expr","locations":[{"start":{"line":59,"column":20},"end":{"line":59,"column":52}},{"start":{"line":59,"column":56},"end":{"line":59,"column":90}}],"line":59},"9":{"loc":{"start":{"line":74,"column":16},"end":{"line":74,"column":40}},"type":"binary-expr","locations":[{"start":{"line":74,"column":16},"end":{"line":74,"column":24}},{"start":{"line":74,"column":28},"end":{"line":74,"column":40}}],"line":74}},"s":{"0":0,"1":0,"2":0,"3":0,"4":0,"5":0,"6":0,"7":0,"8":0,"9":0,"10":0,"11":0,"12":0,"13":0,"14":0,"15":0,"16":0,"17":0,"18":0,"19":0,"20":0,"21":0,"22":0,"23":0,"24":0,"25":0,"26":0,"27":0,"28":0,"29":0,"30":0,"31":0,"32":0,"33":0,"34":0,"35":0,"36":0,"37":0,"38":0,"39":0,"40":0,"41":0},"f":{"0":0,"1":0,"2":0,"3":0},"b":{"0":[0,0],"1":[0,0],"2":[0,0],"3":[0,0],"4":[0,0],"5":[0,0],"6":[0,0],"7":[0,0],"8":[0,0],"9":[0,0]}}
,"C:\\Users\\aaron\\Solentine\\server-solentine\\db\\index.js": {"path":"C:\\Users\\aaron\\Solentine\\server-solentine\\db\\index.js","statementMap":{"0":{"start":{"line":1,"column":17},"end":{"line":1,"column":36}},"1":{"start":{"line":2,"column":26},"end":{"line":2,"column":52}},"2":{"start":{"line":4,"column":15},"end":{"line":4,"column":46}},"3":{"start":{"line":6,"column":18},"end":{"line":6,"column":41}},"4":{"start":{"line":14,"column":18},"end":{"line":99,"column":1}},"5":{"start":{"line":16,"column":2},"end":{"line":23,"column":3}},"6":{"start":{"line":17,"column":4},"end":{"line":20,"column":7}},"7":{"start":{"line":22,"column":4},"end":{"line":22,"column":16}},"8":{"start":{"line":25,"column":2},"end":{"line":98,"column":3}},"9":{"start":{"line":26,"column":20},"end":{"line":36,"column":5}},"10":{"start":{"line":38,"column":23},"end":{"line":38,"column":65}},"11":{"start":{"line":40,"column":19},"end":{"line":40,"column":49}},"12":{"start":{"line":41,"column":4},"end":{"line":41,"column":61}},"13":{"start":{"line":44,"column":4},"end":{"line":47,"column":6}},"14":{"start":{"line":45,"column":6},"end":{"line":45,"column":86}},"15":{"start":{"line":49,"column":4},"end":{"line":52,"column":6}},"16":{"start":{"line":50,"column":6},"end":{"line":50,"column":105}},"17":{"start":{"line":54,"column":4},"end":{"line":56,"column":6}},"18":{"start":{"line":55,"column":6},"end":{"line":55,"column":90}},"19":{"start":{"line":58,"column":4},"end":{"line":60,"column":6}},"20":{"start":{"line":59,"column":6},"end":{"line":59,"column":81}},"21":{"start":{"line":63,"column":4},"end":{"line":73,"column":6}},"22":{"start":{"line":64,"column":6},"end":{"line":64,"column":91}},"23":{"start":{"line":65,"column":6},"end":{"line":72,"column":7}},"24":{"start":{"line":66,"column":8},"end":{"line":66,"column":41}},"25":{"start":{"line":67,"column":8},"end":{"line":67,"column":83}},"26":{"start":{"line":68,"column":8},"end":{"line":68,"column":23}},"27":{"start":{"line":70,"column":8},"end":{"line":70,"column":85}},"28":{"start":{"line":71,"column":8},"end":{"line":71,"column":23}},"29":{"start":{"line":75,"column":4},"end":{"line":85,"column":6}},"30":{"start":{"line":76,"column":6},"end":{"line":76,"column":92}},"31":{"start":{"line":77,"column":6},"end":{"line":84,"column":7}},"32":{"start":{"line":78,"column":8},"end":{"line":78,"column":41}},"33":{"start":{"line":79,"column":8},"end":{"line":79,"column":83}},"34":{"start":{"line":80,"column":8},"end":{"line":80,"column":23}},"35":{"start":{"line":82,"column":8},"end":{"line":82,"column":85}},"36":{"start":{"line":83,"column":8},"end":{"line":83,"column":23}},"37":{"start":{"line":87,"column":4},"end":{"line":87,"column":21}},"38":{"start":{"line":89,"column":4},"end":{"line":93,"column":6}},"39":{"start":{"line":97,"column":4},"end":{"line":97,"column":16}},"40":{"start":{"line":102,"column":0},"end":{"line":105,"column":2}},"41":{"start":{"line":103,"column":2},"end":{"line":103,"column":99}},"42":{"start":{"line":107,"column":0},"end":{"line":107,"column":26}}},"fnMap":{"0":{"name":"(anonymous_0)","decl":{"start":{"line":14,"column":18},"end":{"line":14,"column":19}},"loc":{"start":{"line":14,"column":30},"end":{"line":99,"column":1}},"line":14},"1":{"name":"(anonymous_1)","decl":{"start":{"line":44,"column":36},"end":{"line":44,"column":37}},"loc":{"start":{"line":44,"column":45},"end":{"line":47,"column":5}},"line":44},"2":{"name":"(anonymous_2)","decl":{"start":{"line":49,"column":43},"end":{"line":49,"column":44}},"loc":{"start":{"line":49,"column":49},"end":{"line":52,"column":5}},"line":49},"3":{"name":"(anonymous_3)","decl":{"start":{"line":54,"column":42},"end":{"line":54,"column":43}},"loc":{"start":{"line":54,"column":48},"end":{"line":56,"column":5}},"line":54},"4":{"name":"(anonymous_4)","decl":{"start":{"line":58,"column":41},"end":{"line":58,"column":42}},"loc":{"start":{"line":58,"column":47},"end":{"line":60,"column":5}},"line":58},"5":{"name":"(anonymous_5)","decl":{"start":{"line":63,"column":25},"end":{"line":63,"column":26}},"loc":{"start":{"line":63,"column":37},"end":{"line":73,"column":5}},"line":63},"6":{"name":"(anonymous_6)","decl":{"start":{"line":75,"column":26},"end":{"line":75,"column":27}},"loc":{"start":{"line":75,"column":38},"end":{"line":85,"column":5}},"line":75},"7":{"name":"(anonymous_7)","decl":{"start":{"line":102,"column":18},"end":{"line":102,"column":19}},"loc":{"start":{"line":102,"column":25},"end":{"line":105,"column":1}},"line":102}},"branchMap":{"0":{"loc":{"start":{"line":16,"column":2},"end":{"line":23,"column":3}},"type":"if","locations":[{"start":{"line":16,"column":2},"end":{"line":23,"column":3}},{"start":{},"end":{}}],"line":16}},"s":{"0":0,"1":0,"2":0,"3":0,"4":0,"5":0,"6":0,"7":0,"8":0,"9":0,"10":0,"11":0,"12":0,"13":0,"14":0,"15":0,"16":0,"17":0,"18":0,"19":0,"20":0,"21":0,"22":0,"23":0,"24":0,"25":0,"26":0,"27":0,"28":0,"29":0,"30":0,"31":0,"32":0,"33":0,"34":0,"35":0,"36":0,"37":0,"38":0,"39":0,"40":0,"41":0,"42":0},"f":{"0":0,"1":0,"2":0,"3":0,"4":0,"5":0,"6":0,"7":0},"b":{"0":[0,0]}}
[...]
,"C:\\Users\\aaron\\Solentine\\server-solentine\\validators\\client.validators.js": {"path":"C:\\Users\\aaron\\Solentine\\server-solentine\\validators\\client.validators.js","statementMap":{"0":{"start":{"line":6,"column":42},"end":{"line":6,"column":70}},"1":{"start":{"line":7,"column":28},"end":{"line":7,"column":54}},"2":{"start":{"line":10,"column":31},"end":{"line":21,"column":1}},"3":{"start":{"line":11,"column":17},"end":{"line":11,"column":38}},"4":{"start":{"line":12,"column":2},"end":{"line":19,"column":3}},"5":{"start":{"line":13,"column":28},"end":{"line":17,"column":7}},"6":{"start":{"line":13,"column":55},"end":{"line":17,"column":5}},"7":{"start":{"line":18,"column":4},"end":{"line":18,"column":75}},"8":{"start":{"line":20,"column":2},"end":{"line":20,"column":9}},"9":{"start":{"line":24,"column":23},"end":{"line":59,"column":1}},"10":{"start":{"line":52,"column":4},"end":{"line":54,"column":5}},"11":{"start":{"line":53,"column":6},"end":{"line":53,"column":95}},"12":{"start":{"line":55,"column":4},"end":{"line":55,"column":16}},"13":{"start":{"line":62,"column":25},"end":{"line":68,"column":1}},"14":{"start":{"line":71,"column":27},"end":{"line":78,"column":1}},"15":{"start":{"line":80,"column":0},"end":{"line":84,"column":2}}},"fnMap":{"0":{"name":"(anonymous_0)","decl":{"start":{"line":10,"column":31},"end":{"line":10,"column":32}},"loc":{"start":{"line":10,"column":51},"end":{"line":21,"column":1}},"line":10},"1":{"name":"(anonymous_1)","decl":{"start":{"line":13,"column":47},"end":{"line":13,"column":48}},"loc":{"start":{"line":13,"column":55},"end":{"line":17,"column":5}},"line":13},"2":{"name":"(anonymous_2)","decl":{"start":{"line":51,"column":26},"end":{"line":51,"column":27}},"loc":{"start":{"line":51,"column":37},"end":{"line":56,"column":3}},"line":51}},"branchMap":{"0":{"loc":{"start":{"line":12,"column":2},"end":{"line":19,"column":3}},"type":"if","locations":[{"start":{"line":12,"column":2},"end":{"line":19,"column":3}},{"start":{},"end":{}}],"line":12},"1":{"loc":{"start":{"line":14,"column":13},"end":{"line":14,"column":34}},"type":"binary-expr","locations":[{"start":{"line":14,"column":13},"end":{"line":14,"column":21}},{"start":{"line":14,"column":25},"end":{"line":14,"column":34}}],"line":14},"2":{"loc":{"start":{"line":52,"column":4},"end":{"line":54,"column":5}},"type":"if","locations":[{"start":{"line":52,"column":4},"end":{"line":54,"column":5}},{"start":{},"end":{}}],"line":52},"3":{"loc":{"start":{"line":52,"column":8},"end":{"line":52,"column":69}},"type":"binary-expr","locations":[{"start":{"line":52,"column":8},"end":{"line":52,"column":13}},{"start":{"line":52,"column":18},"end":{"line":52,"column":41}},{"start":{"line":52,"column":45},"end":{"line":52,"column":68}}],"line":52}},"s":{"0":0,"1":0,"2":0,"3":0,"4":0,"5":0,"6":0,"7":0,"8":0,"9":0,"10":0,"11":0,"12":0,"13":0,"14":0,"15":0},"f":{"0":0,"1":0,"2":0},"b":{"0":[0,0],"1":[0,0],"2":[0,0],"3":[0,0,0]}}
,"C:\\Users\\aaron\\Solentine\\server-solentine\\validators\\comercial.validators.js": {"path":"C:\\Users\\aaron\\Solentine\\server-solentine\\validators\\comercial.validators.js","statementMap":{"0":{"start":{"line":6,"column":42},"end":{"line":6,"column":70}},"1":{"start":{"line":7,"column":28},"end":{"line":7,"column":54}},"2":{"start":{"line":10,"column":31},"end":{"line":21,"column":1}},"3":{"start":{"line":11,"column":17},"end":{"line":11,"column":38}},"4":{"start":{"line":12,"column":2},"end":{"line":19,"column":3}},"5":{"start":{"line":13,"column":28},"end":{"line":17,"column":7}},"6":{"start":{"line":13,"column":55},"end":{"line":17,"column":5}},"7":{"start":{"line":18,"column":4},"end":{"line":18,"column":75}},"8":{"start":{"line":20,"column":2},"end":{"line":20,"column":9}},"9":{"start":{"line":24,"column":26},"end":{"line":38,"column":1}},"10":{"start":{"line":41,"column":28},"end":{"line":47,"column":1}},"11":{"start":{"line":49,"column":0},"end":{"line":52,"column":2}}},"fnMap":{"0":{"name":"(anonymous_0)","decl":{"start":{"line":10,"column":31},"end":{"line":10,"column":32}},"loc":{"start":{"line":10,"column":51},"end":{"line":21,"column":1}},"line":10},"1":{"name":"(anonymous_1)","decl":{"start":{"line":13,"column":47},"end":{"line":13,"column":48}},"loc":{"start":{"line":13,"column":55},"end":{"line":17,"column":5}},"line":13}},"branchMap":{"0":{"loc":{"start":{"line":12,"column":2},"end":{"line":19,"column":3}},"type":"if","locations":[{"start":{"line":12,"column":2},"end":{"line":19,"column":3}},{"start":{},"end":{}}],"line":12},"1":{"loc":{"start":{"line":14,"column":13},"end":{"line":14,"column":34}},"type":"binary-expr","locations":[{"start":{"line":14,"column":13},"end":{"line":14,"column":21}},{"start":{"line":14,"column":25},"end":{"line":14,"column":34}}],"line":14}},"s":{"0":0,"1":0,"2":0,"3":0,"4":0,"5":0,"6":0,"7":0,"8":0,"9":0,"10":0,"11":0},"f":{"0":0,"1":0},"b":{"0":[0,0],"1":[0,0]}}
,"C:\\Users\\aaron\\Solentine\\server-solentine\\validators\\sale.validators.js": {"path":"C:\\Users\\aaron\\Solentine\\server-solentine\\validators\\sale.validators.js","statementMap":{"0":{"start":{"line":6,"column":42},"end":{"line":6,"column":70}},"1":{"start":{"line":7,"column":28},"end":{"line":7,"column":54}},"2":{"start":{"line":8,"column":17},"end":{"line":8,"column":36}},"3":{"start":{"line":11,"column":31},"end":{"line":22,"column":1}},"4":{"start":{"line":12,"column":17},"end":{"line":12,"column":38}},"5":{"start":{"line":13,"column":2},"end":{"line":20,"column":3}},"6":{"start":{"line":14,"column":28},"end":{"line":18,"column":7}},"7":{"start":{"line":14,"column":55},"end":{"line":18,"column":5}},"8":{"start":{"line":19,"column":4},"end":{"line":19,"column":75}},"9":{"start":{"line":21,"column":2},"end":{"line":21,"column":9}},"10":{"start":{"line":25,"column":21},"end":{"line":161,"column":1}},"11":{"start":{"line":55,"column":6},"end":{"line":55,"column":30}},"12":{"start":{"line":55,"column":18},"end":{"line":55,"column":30}},"13":{"start":{"line":56,"column":6},"end":{"line":56,"column":52}},"14":{"start":{"line":62,"column":6},"end":{"line":62,"column":30}},"15":{"start":{"line":62,"column":18},"end":{"line":62,"column":30}},"16":{"start":{"line":63,"column":6},"end":{"line":63,"column":52}},"17":{"start":{"line":69,"column":6},"end":{"line":69,"column":30}},"18":{"start":{"line":69,"column":18},"end":{"line":69,"column":30}},"19":{"start":{"line":70,"column":6},"end":{"line":70,"column":52}},"20":{"start":{"line":80,"column":6},"end":{"line":80,"column":30}},"21":{"start":{"line":80,"column":18},"end":{"line":80,"column":30}},"22":{"start":{"line":81,"column":6},"end":{"line":81,"column":52}},"23":{"start":{"line":113,"column":6},"end":{"line":113,"column":30}},"24":{"start":{"line":113,"column":18},"end":{"line":113,"column":30}},"25":{"start":{"line":114,"column":6},"end":{"line":114,"column":52}},"26":{"start":{"line":120,"column":6},"end":{"line":120,"column":30}},"27":{"start":{"line":120,"column":18},"end":{"line":120,"column":30}},"28":{"start":{"line":121,"column":6},"end":{"line":121,"column":52}},"29":{"start":{"line":127,"column":6},"end":{"line":127,"column":30}},"30":{"start":{"line":127,"column":18},"end":{"line":127,"column":30}},"31":{"start":{"line":128,"column":6},"end":{"line":128,"column":52}},"32":{"start":{"line":138,"column":6},"end":{"line":138,"column":30}},"33":{"start":{"line":138,"column":18},"end":{"line":138,"column":30}},"34":{"start":{"line":139,"column":6},"end":{"line":139,"column":52}},"35":{"start":{"line":144,"column":20},"end":{"line":144,"column":130}},"36":{"start":{"line":145,"column":4},"end":{"line":147,"column":5}},"37":{"start":{"line":146,"column":6},"end":{"line":146,"column":99}},"38":{"start":{"line":148,"column":4},"end":{"line":148,"column":16}},"39":{"start":{"line":153,"column":22},"end":{"line":153,"column":51}},"40":{"start":{"line":154,"column":4},"end":{"line":156,"column":5}},"41":{"start":{"line":155,"column":6},"end":{"line":155,"column":64}},"42":{"start":{"line":157,"column":4},"end":{"line":157,"column":16}},"43":{"start":{"line":164,"column":26},"end":{"line":192,"column":1}},"44":{"start":{"line":194,"column":0},"end":{"line":197,"column":2}}},"fnMap":{"0":{"name":"(anonymous_0)","decl":{"start":{"line":11,"column":31},"end":{"line":11,"column":32}},"loc":{"start":{"line":11,"column":51},"end":{"line":22,"column":1}},"line":11},"1":{"name":"(anonymous_1)","decl":{"start":{"line":14,"column":47},"end":{"line":14,"column":48}},"loc":{"start":{"line":14,"column":55},"end":{"line":18,"column":5}},"line":14},"2":{"name":"(anonymous_2)","decl":{"start":{"line":54,"column":12},"end":{"line":54,"column":13}},"loc":{"start":{"line":54,"column":23},"end":{"line":57,"column":5}},"line":54},"3":{"name":"(anonymous_3)","decl":{"start":{"line":61,"column":12},"end":{"line":61,"column":13}},"loc":{"start":{"line":61,"column":23},"end":{"line":64,"column":5}},"line":61},"4":{"name":"(anonymous_4)","decl":{"start":{"line":68,"column":12},"end":{"line":68,"column":13}},"loc":{"start":{"line":68,"column":23},"end":{"line":71,"column":5}},"line":68},"5":{"name":"(anonymous_5)","decl":{"start":{"line":79,"column":12},"end":{"line":79,"column":13}},"loc":{"start":{"line":79,"column":23},"end":{"line":82,"column":5}},"line":79},"6":{"name":"(anonymous_6)","decl":{"start":{"line":112,"column":12},"end":{"line":112,"column":13}},"loc":{"start":{"line":112,"column":23},"end":{"line":115,"column":5}},"line":112},"7":{"name":"(anonymous_7)","decl":{"start":{"line":119,"column":12},"end":{"line":119,"column":13}},"loc":{"start":{"line":119,"column":23},"end":{"line":122,"column":5}},"line":119},"8":{"name":"(anonymous_8)","decl":{"start":{"line":126,"column":12},"end":{"line":126,"column":13}},"loc":{"start":{"line":126,"column":23},"end":{"line":129,"column":5}},"line":126},"9":{"name":"(anonymous_9)","decl":{"start":{"line":137,"column":12},"end":{"line":137,"column":13}},"loc":{"start":{"line":137,"column":23},"end":{"line":140,"column":5}},"line":137},"10":{"name":"(anonymous_10)","decl":{"start":{"line":143,"column":16},"end":{"line":143,"column":17}},"loc":{"start":{"line":143,"column":27},"end":{"line":149,"column":3}},"line":143},"11":{"name":"(anonymous_11)","decl":{"start":{"line":152,"column":16},"end":{"line":152,"column":17}},"loc":{"start":{"line":152,"column":27},"end":{"line":158,"column":3}},"line":152}},"branchMap":{"0":{"loc":{"start":{"line":13,"column":2},"end":{"line":20,"column":3}},"type":"if","locations":[{"start":{"line":13,"column":2},"end":{"line":20,"column":3}},{"start":{},"end":{}}],"line":13},"1":{"loc":{"start":{"line":15,"column":13},"end":{"line":15,"column":34}},"type":"binary-expr","locations":[{"start":{"line":15,"column":13},"end":{"line":15,"column":21}},{"start":{"line":15,"column":25},"end":{"line":15,"column":34}}],"line":15},"2":{"loc":{"start":{"line":55,"column":6},"end":{"line":55,"column":30}},"type":"if","locations":[{"start":{"line":55,"column":6},"end":{"line":55,"column":30}},{"start":{},"end":{}}],"line":55},"3":{"loc":{"start":{"line":62,"column":6},"end":{"line":62,"column":30}},"type":"if","locations":[{"start":{"line":62,"column":6},"end":{"line":62,"column":30}},{"start":{},"end":{}}],"line":62},"4":{"loc":{"start":{"line":69,"column":6},"end":{"line":69,"column":30}},"type":"if","locations":[{"start":{"line":69,"column":6},"end":{"line":69,"column":30}},{"start":{},"end":{}}],"line":69},"5":{"loc":{"start":{"line":80,"column":6},"end":{"line":80,"column":30}},"type":"if","locations":[{"start":{"line":80,"column":6},"end":{"line":80,"column":30}},{"start":{},"end":{}}],"line":80},"6":{"loc":{"start":{"line":113,"column":6},"end":{"line":113,"column":30}},"type":"if","locations":[{"start":{"line":113,"column":6},"end":{"line":113,"column":30}},{"start":{},"end":{}}],"line":113},"7":{"loc":{"start":{"line":120,"column":6},"end":{"line":120,"column":30}},"type":"if","locations":[{"start":{"line":120,"column":6},"end":{"line":120,"column":30}},{"start":{},"end":{}}],"line":120},"8":{"loc":{"start":{"line":127,"column":6},"end":{"line":127,"column":30}},"type":"if","locations":[{"start":{"line":127,"column":6},"end":{"line":127,"column":30}},{"start":{},"end":{}}],"line":127},"9":{"loc":{"start":{"line":138,"column":6},"end":{"line":138,"column":30}},"type":"if","locations":[{"start":{"line":138,"column":6},"end":{"line":138,"column":30}},{"start":{},"end":{}}],"line":138},"10":{"loc":{"start":{"line":144,"column":20},"end":{"line":144,"column":130}},"type":"binary-expr","locations":[{"start":{"line":144,"column":20},"end":{"line":144,"column":31}},{"start":{"line":144,"column":35},"end":{"line":144,"column":45}},{"start":{"line":144,"column":50},"end":{"line":144,"column":59}},{"start":{"line":144,"column":63},"end":{"line":144,"column":72}},{"start":{"line":144,"column":76},"end":{"line":144,"column":85}},{"start":{"line":144,"column":91},"end":{"line":144,"column":100}},{"start":{"line":144,"column":104},"end":{"line":144,"column":115}},{"start":{"line":144,"column":119},"end":{"line":144,"column":129}}],"line":144},"11":{"loc":{"start":{"line":145,"column":4},"end":{"line":147,"column":5}},"type":"if","locations":[{"start":{"line":145,"column":4},"end":{"line":147,"column":5}},{"start":{},"end":{}}],"line":145},"12":{"loc":{"start":{"line":153,"column":22},"end":{"line":153,"column":51}},"type":"binary-expr","locations":[{"start":{"line":153,"column":22},"end":{"line":153,"column":35}},{"start":{"line":153,"column":39},"end":{"line":153,"column":51}}],"line":153},"13":{"loc":{"start":{"line":154,"column":4},"end":{"line":156,"column":5}},"type":"if","locations":[{"start":{"line":154,"column":4},"end":{"line":156,"column":5}},{"start":{},"end":{}}],"line":154}},"s":{"0":0,"1":0,"2":0,"3":0,"4":0,"5":0,"6":0,"7":0,"8":0,"9":0,"10":0,"11":0,"12":0,"13":0,"14":0,"15":0,"16":0,"17":0,"18":0,"19":0,"20":0,"21":0,"22":0,"23":0,"24":0,"25":0,"26":0,"27":0,"28":0,"29":0,"30":0,"31":0,"32":0,"33":0,"34":0,"35":0,"36":0,"37":0,"38":0,"39":0,"40":0,"41":0,"42":0,"43":0,"44":0},"f":{"0":0,"1":0,"2":0,"3":0,"4":0,"5":0,"6":0,"7":0,"8":0,"9":0,"10":0,"11":0},"b":{"0":[0,0],"1":[0,0],"2":[0,0],"3":[0,0],"4":[0,0],"5":[0,0],"6":[0,0],"7":[0,0],"8":[0,0],"9":[0,0],"10":[0,0,0,0,0,0,0,0],"11":[0,0],"12":[0,0],"13":[0,0]}}
,"C:\\Users\\aaron\\Solentine\\server-solentine\\validators\\user.validators.js": {"path":"C:\\Users\\aaron\\Solentine\\server-solentine\\validators\\user.validators.js","statementMap":{"0":{"start":{"line":6,"column":49},"end":{"line":6,"column":77}},"1":{"start":{"line":7,"column":28},"end":{"line":7,"column":54}},"2":{"start":{"line":10,"column":31},"end":{"line":21,"column":1}},"3":{"start":{"line":11,"column":17},"end":{"line":11,"column":38}},"4":{"start":{"line":12,"column":2},"end":{"line":19,"column":3}},"5":{"start":{"line":13,"column":28},"end":{"line":17,"column":7}},"6":{"start":{"line":13,"column":55},"end":{"line":17,"column":5}},"7":{"start":{"line":18,"column":4},"end":{"line":18,"column":75}},"8":{"start":{"line":20,"column":2},"end":{"line":20,"column":9}},"9":{"start":{"line":24,"column":27},"end":{"line":57,"column":1}},"10":{"start":{"line":60,"column":23},"end":{"line":66,"column":1}},"11":{"start":{"line":69,"column":26},"end":{"line":79,"column":1}},"12":{"start":{"line":82,"column":28},"end":{"line":89,"column":1}},"13":{"start":{"line":91,"column":0},"end":{"line":96,"column":2}}},"fnMap":{"0":{"name":"(anonymous_0)","decl":{"start":{"line":10,"column":31},"end":{"line":10,"column":32}},"loc":{"start":{"line":10,"column":51},"end":{"line":21,"column":1}},"line":10},"1":{"name":"(anonymous_1)","decl":{"start":{"line":13,"column":47},"end":{"line":13,"column":48}},"loc":{"start":{"line":13,"column":55},"end":{"line":17,"column":5}},"line":13}},"branchMap":{"0":{"loc":{"start":{"line":12,"column":2},"end":{"line":19,"column":3}},"type":"if","locations":[{"start":{"line":12,"column":2},"end":{"line":19,"column":3}},{"start":{},"end":{}}],"line":12},"1":{"loc":{"start":{"line":14,"column":13},"end":{"line":14,"column":34}},"type":"binary-expr","locations":[{"start":{"line":14,"column":13},"end":{"line":14,"column":21}},{"start":{"line":14,"column":25},"end":{"line":14,"column":34}}],"line":14}},"s":{"0":0,"1":0,"2":0,"3":0,"4":0,"5":0,"6":0,"7":0,"8":0,"9":0,"10":0,"11":0,"12":0,"13":0},"f":{"0":0,"1":0},"b":{"0":[0,0],"1":[0,0]}}
,"C:\\Users\\aaron\\Solentine\\server-solentine\\validators\\zone.validators.js": {"path":"C:\\Users\\aaron\\Solentine\\server-solentine\\validators\\zone.validators.js","statementMap":{"0":{"start":{"line":6,"column":42},"end":{"line":6,"column":70}},"1":{"start":{"line":7,"column":28},"end":{"line":7,"column":54}},"2":{"start":{"line":10,"column":31},"end":{"line":21,"column":1}},"3":{"start":{"line":11,"column":17},"end":{"line":11,"column":38}},"4":{"start":{"line":12,"column":2},"end":{"line":19,"column":3}},"5":{"start":{"line":13,"column":28},"end":{"line":17,"column":7}},"6":{"start":{"line":13,"column":55},"end":{"line":17,"column":5}},"7":{"start":{"line":18,"column":4},"end":{"line":18,"column":75}},"8":{"start":{"line":20,"column":2},"end":{"line":20,"column":9}},"9":{"start":{"line":24,"column":21},"end":{"line":52,"column":1}},"10":{"start":{"line":45,"column":4},"end":{"line":47,"column":5}},"11":{"start":{"line":46,"column":6},"end":{"line":46,"column":95}},"12":{"start":{"line":48,"column":4},"end":{"line":48,"column":16}},"13":{"start":{"line":55,"column":23},"end":{"line":61,"column":1}},"14":{"start":{"line":63,"column":0},"end":{"line":66,"column":2}}},"fnMap":{"0":{"name":"(anonymous_0)","decl":{"start":{"line":10,"column":31},"end":{"line":10,"column":32}},"loc":{"start":{"line":10,"column":51},"end":{"line":21,"column":1}},"line":10},"1":{"name":"(anonymous_1)","decl":{"start":{"line":13,"column":47},"end":{"line":13,"column":48}},"loc":{"start":{"line":13,"column":55},"end":{"line":17,"column":5}},"line":13},"2":{"name":"(anonymous_2)","decl":{"start":{"line":44,"column":26},"end":{"line":44,"column":27}},"loc":{"start":{"line":44,"column":37},"end":{"line":49,"column":3}},"line":44}},"branchMap":{"0":{"loc":{"start":{"line":12,"column":2},"end":{"line":19,"column":3}},"type":"if","locations":[{"start":{"line":12,"column":2},"end":{"line":19,"column":3}},{"start":{},"end":{}}],"line":12},"1":{"loc":{"start":{"line":14,"column":13},"end":{"line":14,"column":34}},"type":"binary-expr","locations":[{"start":{"line":14,"column":13},"end":{"line":14,"column":21}},{"start":{"line":14,"column":25},"end":{"line":14,"column":34}}],"line":14},"2":{"loc":{"start":{"line":45,"column":4},"end":{"line":47,"column":5}},"type":"if","locations":[{"start":{"line":45,"column":4},"end":{"line":47,"column":5}},{"start":{},"end":{}}],"line":45},"3":{"loc":{"start":{"line":45,"column":8},"end":{"line":45,"column":69}},"type":"binary-expr","locations":[{"start":{"line":45,"column":8},"end":{"line":45,"column":13}},{"start":{"line":45,"column":18},"end":{"line":45,"column":41}},{"start":{"line":45,"column":45},"end":{"line":45,"column":68}}],"line":45}},"s":{"0":0,"1":0,"2":0,"3":0,"4":0,"5":0,"6":0,"7":0,"8":0,"9":0,"10":0,"11":0,"12":0,"13":0,"14":0},"f":{"0":0,"1":0,"2":0},"b":{"0":[0,0],"1":[0,0],"2":[0,0],"3":[0,0,0]}}
}
